#
# There is insufficient memory for the Java Runtime Environment to continue.
# Native memory allocation (malloc) failed to allocate 1048576 bytes. Error detail: AllocateHeap
# Possible reasons:
#   The system is out of physical RAM or swap space
#   This process is running with CompressedOops enabled, and the Java Heap may be blocking the growth of the native heap
# Possible solutions:
#   Reduce memory load on the system
#   Increase physical memory or swap space
#   Check if swap backing store is full
#   Decrease Java heap size (-Xmx/-Xms)
#   Decrease number of Java threads
#   Decrease Java thread stack sizes (-Xss)
#   Set larger code cache with -XX:ReservedCodeCacheSize=
#   JVM is running with Unscaled Compressed Oops mode in which the Java heap is
#     placed in the first 4GB address space. The Java Heap base address is the
#     maximum limit for the native heap growth. Please use -XX:HeapBaseMinAddress
#     to set the Java Heap base and to place the Java Heap above 4GB virtual address.
# This output file may be truncated or incomplete.
#
#  Out of Memory Error (allocation.cpp:44), pid=13664, tid=9808
#
# JRE version: OpenJDK Runtime Environment Temurin-21.0.11+10 (21.0.11+10) (build 21.0.11+10-LTS)
# Java VM: OpenJDK 64-Bit Server VM Temurin-21.0.11+10 (21.0.11+10-LTS, mixed mode, sharing, tiered, compressed oops, compressed class ptrs, parallel gc, windows-amd64)
# No core dump will be written. Minidumps are not enabled by default on client versions of Windows
#

---------------  S U M M A R Y ------------

Command Line: --add-modules=ALL-SYSTEM --add-opens=java.base/java.util=ALL-UNNAMED --add-opens=java.base/java.lang=ALL-UNNAMED --add-opens=java.base/sun.nio.fs=ALL-UNNAMED -Declipse.application=org.eclipse.jdt.ls.core.id1 -Dosgi.bundles.defaultStartLevel=4 -Declipse.product=org.eclipse.jdt.ls.core.product -Djava.import.generatesMetadataFilesAtProjectRoot=false -DDetectVMInstallationsJob.disabled=true -Dfile.encoding=utf8 -XX:+UseParallelGC -XX:GCTimeRatio=4 -XX:AdaptiveSizePolicyWeight=90 -Dsun.zip.disableMemoryMapping=true -Xmx2G -Xms100m -Xlog:disable -javaagent:c:\Users\vexer\.vscode\extensions\redhat.java-1.55.0-win32-x64\lombok\lombok-1.18.39-4050.jar -XX:+HeapDumpOnOutOfMemoryError -XX:HeapDumpPath=c:\Users\vexer\AppData\Roaming\Code\User\workspaceStorage\232e009cab1a75a74b03c9c3a2c3f194\redhat.java -Daether.dependencyCollector.impl=bf c:\Users\vexer\.vscode\extensions\redhat.java-1.55.0-win32-x64\server\plugins\org.eclipse.equinox.launcher_1.7.200.v20260619-2039.jar -configuration c:\Users\vexer\AppData\Roaming\Code\User\globalStorage\redhat.java\1.55.0\config_win -data c:\Users\vexer\AppData\Roaming\Code\User\workspaceStorage\232e009cab1a75a74b03c9c3a2c3f194\redhat.java\jdt_ws --pipe=\\.\pipe\lsp-1d123e586c089d8f5c5d64d0178d2dbb-sock

Host: 11th Gen Intel(R) Core(TM) i3-1115G4 @ 3.00GHz, 4 cores, 7G,  Windows 11 , 64 bit Build 26100 (10.0.26100.8737)
Time: Tue Jun 30 04:53:59 2026 Hora est. Sudam廨ica Pac璗ico elapsed time: 544.368197 seconds (0d 0h 9m 4s)

---------------  T H R E A D  ---------------

Current thread (0x0000021121971730):  JavaThread "Attach Listener" daemon [_thread_in_vm, id=9808, stack(0x000000fbdaa00000,0x000000fbdab00000) (1024K)]

Stack: [0x000000fbdaa00000,0x000000fbdab00000]
Native frames: (J=compiled Java code, j=interpreted, Vv=VM code, C=native code)
V  [jvm.dll+0x6d7e19]
V  [jvm.dll+0x8b5096]
V  [jvm.dll+0x8b764e]
V  [jvm.dll+0x8b7d33]
V  [jvm.dll+0x284596]
V  [jvm.dll+0xc13c7]
V  [jvm.dll+0x6d86c9]
V  [jvm.dll+0x133616]
V  [jvm.dll+0x3f868e]
V  [jvm.dll+0x85fb0d]
V  [jvm.dll+0x6d664d]
C  [ucrtbase.dll+0x2cd30]
C  [KERNEL32.DLL+0x2e957]
C  [ntdll.dll+0xaad6c]


---------------  P R O C E S S  ---------------

Threads class SMR info:
_java_thread_list=0x000002110e109b80, length=39, elements={
0x0000021121a7cd30, 0x000002112196aa20, 0x000002112196d2f0, 0x0000021121970ad0,
0x0000021121971730, 0x000002112197c3d0, 0x000002112197ce30, 0x0000021121981c90,
0x00000211219f1ea0, 0x000002117e10f740, 0x000002117e159850, 0x000002117ed85d70,
0x000002117edc6ff0, 0x000002117ee05890, 0x000002117ee16eb0, 0x000002117eb75850,
0x000002117f0b48b0, 0x000002117e712130, 0x000002117f3d1ff0, 0x000002117f3d33a0,
0x000002117f3d4750, 0x000002117e757840, 0x000002117e759fa0, 0x000002117e757ed0,
0x000002117e758560, 0x000002117e759910, 0x000002117e75a630, 0x000002117e7571b0,
0x0000021102249630, 0x000002110224b070, 0x000002110224a350, 0x000002110224a9e0,
0x000002110224b700, 0x000002110224c420, 0x000002110224cab0, 0x0000021102249cc0,
0x0000021102250c50, 0x000002110224e4f0, 0x000002117f3d1960
}

Java Threads: ( => current thread )
  0x0000021121a7cd30 JavaThread "main"                              [_thread_blocked, id=11588, stack(0x000000fbda300000,0x000000fbda400000) (1024K)]
  0x000002112196aa20 JavaThread "Reference Handler"          daemon [_thread_blocked, id=8108, stack(0x000000fbda700000,0x000000fbda800000) (1024K)]
  0x000002112196d2f0 JavaThread "Finalizer"                  daemon [_thread_blocked, id=6956, stack(0x000000fbda800000,0x000000fbda900000) (1024K)]
  0x0000021121970ad0 JavaThread "Signal Dispatcher"          daemon [_thread_blocked, id=5448, stack(0x000000fbda900000,0x000000fbdaa00000) (1024K)]
=>0x0000021121971730 JavaThread "Attach Listener"            daemon [_thread_in_vm, id=9808, stack(0x000000fbdaa00000,0x000000fbdab00000) (1024K)]
  0x000002112197c3d0 JavaThread "Service Thread"             daemon [_thread_blocked, id=15200, stack(0x000000fbdab00000,0x000000fbdac00000) (1024K)]
  0x000002112197ce30 JavaThread "Monitor Deflation Thread"   daemon [_thread_blocked, id=16544, stack(0x000000fbdac00000,0x000000fbdad00000) (1024K)]
  0x0000021121981c90 JavaThread "C2 CompilerThread0"         daemon [_thread_blocked, id=14364, stack(0x000000fbdad00000,0x000000fbdae00000) (1024K)]
  0x00000211219f1ea0 JavaThread "C1 CompilerThread0"         daemon [_thread_blocked, id=3564, stack(0x000000fbdae00000,0x000000fbdaf00000) (1024K)]
  0x000002117e10f740 JavaThread "Common-Cleaner"             daemon [_thread_blocked, id=8228, stack(0x000000fbdaf00000,0x000000fbdb000000) (1024K)]
  0x000002117e159850 JavaThread "Notification Thread"        daemon [_thread_blocked, id=17252, stack(0x000000fbdb000000,0x000000fbdb100000) (1024K)]
  0x000002117ed85d70 JavaThread "Active Thread: Equinox Container: e7d8f1f6-379b-4ac8-9b27-556781c25775"        [_thread_blocked, id=16768, stack(0x000000fbdb100000,0x000000fbdb200000) (1024K)]
  0x000002117edc6ff0 JavaThread "Refresh Thread: Equinox Container: e7d8f1f6-379b-4ac8-9b27-556781c25775" daemon [_thread_blocked, id=12664, stack(0x000000fbdb500000,0x000000fbdb600000) (1024K)]
  0x000002117ee05890 JavaThread "Framework Event Dispatcher: Equinox Container: e7d8f1f6-379b-4ac8-9b27-556781c25775" daemon [_thread_blocked, id=14876, stack(0x000000fbdb600000,0x000000fbdb700000) (1024K)]
  0x000002117ee16eb0 JavaThread "Start Level: Equinox Container: e7d8f1f6-379b-4ac8-9b27-556781c25775" daemon [_thread_blocked, id=4356, stack(0x000000fbdb700000,0x000000fbdb800000) (1024K)]
  0x000002117eb75850 JavaThread "Bundle File Closer"         daemon [_thread_blocked, id=16844, stack(0x000000fbdb800000,0x000000fbdb900000) (1024K)]
  0x000002117f0b48b0 JavaThread "SCR Component Actor"        daemon [_thread_blocked, id=3708, stack(0x000000fbdb900000,0x000000fbdba00000) (1024K)]
  0x000002117e712130 JavaThread "Worker-JM"                         [_thread_blocked, id=7844, stack(0x000000fbdbb00000,0x000000fbdbc00000) (1024K)]
  0x000002117f3d1ff0 JavaThread "JNA Cleaner"                daemon [_thread_blocked, id=5172, stack(0x000000fbdba00000,0x000000fbdbb00000) (1024K)]
  0x000002117f3d33a0 JavaThread "Worker-0"                          [_thread_blocked, id=3208, stack(0x000000fbdbc00000,0x000000fbdbd00000) (1024K)]
  0x000002117f3d4750 JavaThread "Java indexing"              daemon [_thread_blocked, id=1548, stack(0x000000fbdc000000,0x000000fbdc100000) (1024K)]
  0x000002117e757840 JavaThread "Thread-1"                   daemon [_thread_in_native, id=4756, stack(0x000000fbdc600000,0x000000fbdc700000) (1024K)]
  0x000002117e759fa0 JavaThread "Thread-2"                   daemon [_thread_in_native, id=8296, stack(0x000000fbdc700000,0x000000fbdc800000) (1024K)]
  0x000002117e757ed0 JavaThread "Thread-3"                   daemon [_thread_in_native, id=12724, stack(0x000000fbdc800000,0x000000fbdc900000) (1024K)]
  0x000002117e758560 JavaThread "Thread-4"                   daemon [_thread_in_native, id=2600, stack(0x000000fbdc900000,0x000000fbdca00000) (1024K)]
  0x000002117e759910 JavaThread "Thread-5"                   daemon [_thread_in_native, id=13852, stack(0x000000fbdca00000,0x000000fbdcb00000) (1024K)]
  0x000002117e75a630 JavaThread "pool-2-thread-1"                   [_thread_blocked, id=10868, stack(0x000000fbdcb00000,0x000000fbdcc00000) (1024K)]
  0x000002117e7571b0 JavaThread "WorkspaceEventsHandler"            [_thread_blocked, id=14424, stack(0x000000fbdcc00000,0x000000fbdcd00000) (1024K)]
  0x0000021102249630 JavaThread "pool-1-thread-1"                   [_thread_blocked, id=2520, stack(0x000000fbdcd00000,0x000000fbdce00000) (1024K)]
  0x000002110224b070 JavaThread "PatternSearchJob-worker-1"  daemon [_thread_blocked, id=10656, stack(0x000000fbdce00000,0x000000fbdcf00000) (1024K)]
  0x000002110224a350 JavaThread "PatternSearchJob-worker-2"  daemon [_thread_blocked, id=5568, stack(0x000000fbdcf00000,0x000000fbdd000000) (1024K)]
  0x000002110224a9e0 JavaThread "PatternSearchJob-worker-3"  daemon [_thread_blocked, id=13232, stack(0x000000fbdd000000,0x000000fbdd100000) (1024K)]
  0x000002110224b700 JavaThread "Timer-0"                           [_thread_blocked, id=3100, stack(0x000000fbdd100000,0x000000fbdd200000) (1024K)]
  0x000002110224c420 JavaThread "Compiler Source File Reader" daemon [_thread_blocked, id=6316, stack(0x000000fbdd300000,0x000000fbdd400000) (1024K)]
  0x000002110224cab0 JavaThread "ForkJoinPool.commonPool-worker-2" daemon [_thread_blocked, id=10100, stack(0x000000fbdd500000,0x000000fbdd600000) (1024K)]
  0x0000021102249cc0 JavaThread "ForkJoinPool.commonPool-worker-3" daemon [_thread_blocked, id=5524, stack(0x000000fbdd600000,0x000000fbdd700000) (1024K)]
  0x0000021102250c50 JavaThread "Compiler Source File Reader" daemon [_thread_blocked, id=5492, stack(0x000000fbdd800000,0x000000fbdd900000) (1024K)]
  0x000002110224e4f0 JavaThread "Cleaner-0"                  daemon [_thread_blocked, id=10852, stack(0x000000fbddb00000,0x000000fbddc00000) (1024K)]
  0x000002117f3d1960 JavaThread "Worker-6"                          [_thread_blocked, id=1196, stack(0x000000fbda200000,0x000000fbda300000) (1024K)]
Total: 39

Other Threads:
  0x000002112194dd20 VMThread "VM Thread"                           [id=13728, stack(0x000000fbda600000,0x000000fbda700000) (1024K)]
  0x0000021121ae6720 WatcherThread "VM Periodic Task Thread"        [id=6352, stack(0x000000fbda500000,0x000000fbda600000) (1024K)]
  0x0000021121a9b150 WorkerThread "GC Thread#0"                     [id=17124, stack(0x000000fbda400000,0x000000fbda500000) (1024K)]
  0x000002117e654850 WorkerThread "GC Thread#1"                     [id=10288, stack(0x000000fbdb200000,0x000000fbdb300000) (1024K)]
  0x000002117e961750 WorkerThread "GC Thread#2"                     [id=452, stack(0x000000fbdb300000,0x000000fbdb400000) (1024K)]
  0x000002117e961b00 WorkerThread "GC Thread#3"                     [id=16104, stack(0x000000fbdb400000,0x000000fbdb500000) (1024K)]
Total: 6

Threads with active compile tasks:
Total: 0

VM state: not at safepoint (normal execution)

VM Mutex/Monitor currently owned by a thread: None

Heap address: 0x0000000080000000, size: 2048 MB, Compressed Oops mode: 32-bit

CDS archive(s) mapped at: [0x0000021139000000-0x0000021139ba0000-0x0000021139ba0000), size 12189696, SharedBaseAddress: 0x0000021139000000, ArchiveRelocationMode: 1.
Compressed class space mapped at: 0x000002113a000000-0x000002117a000000, reserved size: 1073741824
Narrow klass base: 0x0000021139000000, Narrow klass shift: 0, Narrow klass range: 0x100000000

GC Precious Log:
 CardTable entry size: 512
 CPUs: 4 total, 4 available
 Memory: 7935M
 Large Page Support: Disabled
 NUMA Support: Disabled
 Compressed Oops: Enabled (32-bit)
 Alignments: Space 512K, Generation 512K, Heap 2M
 Heap Min Capacity: 100M
 Heap Initial Capacity: 100M
 Heap Max Capacity: 2G
 Pre-touch: Disabled
 Parallel Workers: 4

Heap:
 PSYoungGen      total 5632K, used 472K [0x00000000d5580000, 0x00000000d5b80000, 0x0000000100000000)
  eden space 4096K, 9% used [0x00000000d5580000,0x00000000d55de3b8,0x00000000d5980000)
  from space 1536K, 6% used [0x00000000d5980000,0x00000000d5998000,0x00000000d5b00000)
  to   space 512K, 0% used [0x00000000d5b00000,0x00000000d5b00000,0x00000000d5b80000)
 ParOldGen       total 1368064K, used 1367661K [0x0000000080000000, 0x00000000d3800000, 0x00000000d5580000)
  object space 1368064K, 99% used [0x0000000080000000,0x00000000d379b6a0,0x00000000d3800000)
 Metaspace       used 100862K, committed 102912K, reserved 1179648K
  class space    used 10991K, committed 11904K, reserved 1048576K

Card table byte_map: [0x0000021121420000,0x0000021121830000] _byte_map_base: 0x0000021121020000

Marking Bits: (ParMarkBitMap*) 0x00007ff8fa754460
 Begin Bits: [0x0000021133f30000, 0x0000021135f30000)
 End Bits:   [0x0000021135f30000, 0x0000021137f30000)

Polling page: 0x000002111f7a0000

Metaspace:

Usage:
  Non-class:     87.76 MB used.
      Class:     10.73 MB used.
       Both:     98.50 MB used.

Virtual space:
  Non-class space:      128.00 MB reserved,      88.88 MB ( 69%) committed,  2 nodes.
      Class space:        1.00 GB reserved,      11.62 MB (  1%) committed,  1 nodes.
             Both:        1.12 GB reserved,     100.50 MB (  9%) committed. 

Chunk freelists:
   Non-Class:  7.14 MB
       Class:  4.32 MB
        Both:  11.46 MB

MaxMetaspaceSize: unlimited
CompressedClassSpaceSize: 1.00 GB
Initial GC threshold: 21.00 MB
Current GC threshold: 161.06 MB
CDS: on
 - commit_granule_bytes: 65536.
 - commit_granule_words: 8192.
 - virtual_space_node_default_size: 8388608.
 - enlarge_chunks_in_place: 1.
 - use_allocation_guard: 0.


Internal statistics:

num_allocs_failed_limit: 9.
num_arena_births: 2032.
num_arena_deaths: 14.
num_vsnodes_births: 3.
num_vsnodes_deaths: 0.
num_space_committed: 1608.
num_space_uncommitted: 0.
num_chunks_returned_to_freelist: 23.
num_chunks_taken_from_freelist: 6795.
num_chunk_merges: 12.
num_chunk_splits: 4206.
num_chunks_enlarged: 2448.
num_inconsistent_stats: 0.

CodeHeap 'non-profiled nmethods': size=120000Kb used=25114Kb max_used=25114Kb free=94885Kb
 bounds [0x000002112c750000, 0x000002112dfe0000, 0x0000021133c80000]
CodeHeap 'profiled nmethods': size=120000Kb used=49874Kb max_used=49874Kb free=70125Kb
 bounds [0x0000021124c80000, 0x0000021127d40000, 0x000002112c1b0000]
CodeHeap 'non-nmethods': size=5760Kb used=1558Kb max_used=1632Kb free=4201Kb
 bounds [0x000002112c1b0000, 0x000002112c420000, 0x000002112c750000]
CodeCache: size=245760Kb, used=76546Kb, max_used=76620Kb, free=169211Kb
 total_blobs=20849, nmethods=19979, adapters=771, full_count=0
Compilation: enabled, stopped_count=0, restarted_count=0

Compilation events (20 events):
Event: 422.732 Thread 0x00000211219f1ea0 nmethod 23225 0x0000021127d34890 code [0x0000021127d34a40, 0x0000021127d34e28]
Event: 422.732 Thread 0x00000211219f1ea0 23226       3       org.eclipse.jdt.internal.core.Region::add (20 bytes)
Event: 422.733 Thread 0x00000211219f1ea0 nmethod 23226 0x0000021127d34f10 code [0x0000021127d35180, 0x0000021127d35bf8]
Event: 422.733 Thread 0x00000211219f1ea0 23227       3       org.eclipse.jdt.internal.core.Region::contains (21 bytes)
Event: 422.733 Thread 0x00000211219f1ea0 nmethod 23227 0x0000021127d36010 code [0x0000021127d361e0, 0x0000021127d364c8]
Event: 422.742 Thread 0x0000021121981c90 nmethod 23221 0x000002112dfd3190 code [0x000002112dfd3580, 0x000002112dfd4978]
Event: 422.742 Thread 0x0000021121981c90 23223       4       org.eclipse.jdt.internal.compiler.lookup.ReferenceBinding$2::compare (13 bytes)
Event: 422.743 Thread 0x0000021121981c90 nmethod 23223 0x000002112dfd5c10 code [0x000002112dfd5dc0, 0x000002112dfd5fe8]
Event: 422.743 Thread 0x0000021121981c90 23222       4       org.eclipse.jdt.internal.compiler.lookup.TypeConstants$BoundCheckStatus::isOKbyJLS (36 bytes)
Event: 422.744 Thread 0x0000021121981c90 nmethod 23222 0x000002112dfd6210 code [0x000002112dfd63a0, 0x000002112dfd6498]
Event: 425.041 Thread 0x00000211219f1ea0 23228       3       org.eclipse.jdt.ls.core.internal.codemanipulation.PartialSortMembersOperation$2$$Lambda/0x000002113aa528d0::test (12 bytes)
Event: 425.042 Thread 0x00000211219f1ea0 nmethod 23228 0x0000021127d36610 code [0x0000021127d367e0, 0x0000021127d36b98]
Event: 425.042 Thread 0x00000211219f1ea0 23229       3       org.eclipse.jdt.ls.core.internal.codemanipulation.PartialSortMembersOperation$2::lambda$3 (11 bytes)
Event: 425.042 Thread 0x00000211219f1ea0 nmethod 23229 0x0000021127d36d10 code [0x0000021127d36ec0, 0x0000021127d37110]
Event: 425.548 Thread 0x00000211219f1ea0 23230       3       java.util.regex.Pattern::split (8 bytes)
Event: 425.549 Thread 0x00000211219f1ea0 nmethod 23230 0x0000021127d37210 code [0x0000021127d373c0, 0x0000021127d37500]
Event: 427.037 Thread 0x0000021121981c90 23231       4       java.util.concurrent.ForkJoinTask::compareAndSetForkJoinTaskTag (34 bytes)
Event: 427.038 Thread 0x0000021121981c90 nmethod 23231 0x000002112dfd6590 code [0x000002112dfd6720, 0x000002112dfd6818]
Event: 427.358 Thread 0x00000211219f1ea0 23232       3       org.eclipse.jdt.core.WorkingCopyOwner::<init> (5 bytes)
Event: 427.358 Thread 0x00000211219f1ea0 nmethod 23232 0x0000021127d37590 code [0x0000021127d37740, 0x0000021127d378a8]

GC Heap History (20 events):
Event: 419.469 GC heap before
{Heap before GC invocations=1835 (full 5):
 PSYoungGen      total 6656K, used 6234K [0x00000000d5580000, 0x00000000d5d80000, 0x0000000100000000)
  eden space 6144K, 100% used [0x00000000d5580000,0x00000000d5b80000,0x00000000d5b80000)
  from space 512K, 17% used [0x00000000d5b80000,0x00000000d5b96900,0x00000000d5c00000)
  to   space 1024K, 0% used [0x00000000d5c80000,0x00000000d5c80000,0x00000000d5d80000)
 ParOldGen       total 1356288K, used 1355800K [0x0000000080000000, 0x00000000d2c80000, 0x00000000d5580000)
  object space 1356288K, 99% used [0x0000000080000000,0x00000000d2c06300,0x00000000d2c80000)
 Metaspace       used 100858K, committed 102912K, reserved 1179648K
  class space    used 10991K, committed 11904K, reserved 1048576K
}
Event: 419.472 GC heap after
{Heap after GC invocations=1835 (full 5):
 PSYoungGen      total 7168K, used 826K [0x00000000d5580000, 0x00000000d5d80000, 0x0000000100000000)
  eden space 6144K, 0% used [0x00000000d5580000,0x00000000d5580000,0x00000000d5b80000)
  from space 1024K, 80% used [0x00000000d5c80000,0x00000000d5d4e900,0x00000000d5d80000)
  to   space 1024K, 0% used [0x00000000d5b80000,0x00000000d5b80000,0x00000000d5c80000)
 ParOldGen       total 1356288K, used 1355875K [0x0000000080000000, 0x00000000d2c80000, 0x00000000d5580000)
  object space 1356288K, 99% used [0x0000000080000000,0x00000000d2c18c00,0x00000000d2c80000)
 Metaspace       used 100858K, committed 102912K, reserved 1179648K
  class space    used 10991K, committed 11904K, reserved 1048576K
}
Event: 419.488 GC heap before
{Heap before GC invocations=1836 (full 5):
 PSYoungGen      total 7168K, used 6970K [0x00000000d5580000, 0x00000000d5d80000, 0x0000000100000000)
  eden space 6144K, 100% used [0x00000000d5580000,0x00000000d5b80000,0x00000000d5b80000)
  from space 1024K, 80% used [0x00000000d5c80000,0x00000000d5d4e900,0x00000000d5d80000)
  to   space 1024K, 0% used [0x00000000d5b80000,0x00000000d5b80000,0x00000000d5c80000)
 ParOldGen       total 1356288K, used 1355875K [0x0000000080000000, 0x00000000d2c80000, 0x00000000d5580000)
  object space 1356288K, 99% used [0x0000000080000000,0x00000000d2c18c00,0x00000000d2c80000)
 Metaspace       used 100858K, committed 102912K, reserved 1179648K
  class space    used 10991K, committed 11904K, reserved 1048576K
}
Event: 419.493 GC heap after
{Heap after GC invocations=1836 (full 5):
 PSYoungGen      total 7168K, used 708K [0x00000000d5580000, 0x00000000d5d80000, 0x0000000100000000)
  eden space 6144K, 0% used [0x00000000d5580000,0x00000000d5580000,0x00000000d5b80000)
  from space 1024K, 69% used [0x00000000d5b80000,0x00000000d5c31210,0x00000000d5c80000)
  to   space 1024K, 0% used [0x00000000d5c80000,0x00000000d5c80000,0x00000000d5d80000)
 ParOldGen       total 1356800K, used 1356613K [0x0000000080000000, 0x00000000d2d00000, 0x00000000d5580000)
  object space 1356800K, 99% used [0x0000000080000000,0x00000000d2cd1550,0x00000000d2d00000)
 Metaspace       used 100858K, committed 102912K, reserved 1179648K
  class space    used 10991K, committed 11904K, reserved 1048576K
}
Event: 422.667 GC heap before
{Heap before GC invocations=1837 (full 5):
 PSYoungGen      total 7168K, used 6852K [0x00000000d5580000, 0x00000000d5d80000, 0x0000000100000000)
  eden space 6144K, 100% used [0x00000000d5580000,0x00000000d5b80000,0x00000000d5b80000)
  from space 1024K, 69% used [0x00000000d5b80000,0x00000000d5c31210,0x00000000d5c80000)
  to   space 1024K, 0% used [0x00000000d5c80000,0x00000000d5c80000,0x00000000d5d80000)
 ParOldGen       total 1356800K, used 1356613K [0x0000000080000000, 0x00000000d2d00000, 0x00000000d5580000)
  object space 1356800K, 99% used [0x0000000080000000,0x00000000d2cd1550,0x00000000d2d00000)
 Metaspace       used 100858K, committed 102912K, reserved 1179648K
  class space    used 10991K, committed 11904K, reserved 1048576K
}
Event: 422.673 GC heap after
{Heap after GC invocations=1837 (full 5):
 PSYoungGen      total 3584K, used 1009K [0x00000000d5580000, 0x00000000d6480000, 0x0000000100000000)
  eden space 2560K, 0% used [0x00000000d5580000,0x00000000d5580000,0x00000000d5800000)
  from space 1024K, 98% used [0x00000000d5c80000,0x00000000d5d7c648,0x00000000d5d80000)
  to   space 4608K, 0% used [0x00000000d5800000,0x00000000d5800000,0x00000000d5c80000)
 ParOldGen       total 1359872K, used 1359505K [0x0000000080000000, 0x00000000d3000000, 0x00000000d5580000)
  object space 1359872K, 99% used [0x0000000080000000,0x00000000d2fa44a8,0x00000000d3000000)
 Metaspace       used 100858K, committed 102912K, reserved 1179648K
  class space    used 10991K, committed 11904K, reserved 1048576K
}
Event: 422.678 GC heap before
{Heap before GC invocations=1838 (full 5):
 PSYoungGen      total 3584K, used 3569K [0x00000000d5580000, 0x00000000d6480000, 0x0000000100000000)
  eden space 2560K, 100% used [0x00000000d5580000,0x00000000d5800000,0x00000000d5800000)
  from space 1024K, 98% used [0x00000000d5c80000,0x00000000d5d7c648,0x00000000d5d80000)
  to   space 4608K, 0% used [0x00000000d5800000,0x00000000d5800000,0x00000000d5c80000)
 ParOldGen       total 1359872K, used 1359505K [0x0000000080000000, 0x00000000d3000000, 0x00000000d5580000)
  object space 1359872K, 99% used [0x0000000080000000,0x00000000d2fa44a8,0x00000000d3000000)
 Metaspace       used 100858K, committed 102912K, reserved 1179648K
  class space    used 10991K, committed 11904K, reserved 1048576K
}
Event: 422.682 GC heap after
{Heap after GC invocations=1838 (full 5):
 PSYoungGen      total 5120K, used 2560K [0x00000000d5580000, 0x00000000d5e80000, 0x0000000100000000)
  eden space 2560K, 0% used [0x00000000d5580000,0x00000000d5580000,0x00000000d5800000)
  from space 2560K, 100% used [0x00000000d5800000,0x00000000d5a80000,0x00000000d5a80000)
  to   space 3072K, 0% used [0x00000000d5b80000,0x00000000d5b80000,0x00000000d5e80000)
 ParOldGen       total 1360896K, used 1360545K [0x0000000080000000, 0x00000000d3100000, 0x00000000d5580000)
  object space 1360896K, 99% used [0x0000000080000000,0x00000000d30a8400,0x00000000d3100000)
 Metaspace       used 100858K, committed 102912K, reserved 1179648K
  class space    used 10991K, committed 11904K, reserved 1048576K
}
Event: 422.687 GC heap before
{Heap before GC invocations=1839 (full 5):
 PSYoungGen      total 5120K, used 5120K [0x00000000d5580000, 0x00000000d5e80000, 0x0000000100000000)
  eden space 2560K, 100% used [0x00000000d5580000,0x00000000d5800000,0x00000000d5800000)
  from space 2560K, 100% used [0x00000000d5800000,0x00000000d5a80000,0x00000000d5a80000)
  to   space 3072K, 0% used [0x00000000d5b80000,0x00000000d5b80000,0x00000000d5e80000)
 ParOldGen       total 1360896K, used 1360545K [0x0000000080000000, 0x00000000d3100000, 0x00000000d5580000)
  object space 1360896K, 99% used [0x0000000080000000,0x00000000d30a8400,0x00000000d3100000)
 Metaspace       used 100858K, committed 102912K, reserved 1179648K
  class space    used 10991K, committed 11904K, reserved 1048576K
}
Event: 422.694 GC heap after
{Heap after GC invocations=1839 (full 5):
 PSYoungGen      total 6144K, used 2624K [0x00000000d5580000, 0x00000000d5e80000, 0x0000000100000000)
  eden space 3072K, 0% used [0x00000000d5580000,0x00000000d5580000,0x00000000d5880000)
  from space 3072K, 85% used [0x00000000d5b80000,0x00000000d5e10000,0x00000000d5e80000)
  to   space 3072K, 0% used [0x00000000d5880000,0x00000000d5880000,0x00000000d5b80000)
 ParOldGen       total 1363456K, used 1363097K [0x0000000080000000, 0x00000000d3380000, 0x00000000d5580000)
  object space 1363456K, 99% used [0x0000000080000000,0x00000000d3326400,0x00000000d3380000)
 Metaspace       used 100858K, committed 102912K, reserved 1179648K
  class space    used 10991K, committed 11904K, reserved 1048576K
}
Event: 422.701 GC heap before
{Heap before GC invocations=1840 (full 5):
 PSYoungGen      total 6144K, used 5696K [0x00000000d5580000, 0x00000000d5e80000, 0x0000000100000000)
  eden space 3072K, 100% used [0x00000000d5580000,0x00000000d5880000,0x00000000d5880000)
  from space 3072K, 85% used [0x00000000d5b80000,0x00000000d5e10000,0x00000000d5e80000)
  to   space 3072K, 0% used [0x00000000d5880000,0x00000000d5880000,0x00000000d5b80000)
 ParOldGen       total 1363456K, used 1363097K [0x0000000080000000, 0x00000000d3380000, 0x00000000d5580000)
  object space 1363456K, 99% used [0x0000000080000000,0x00000000d3326400,0x00000000d3380000)
 Metaspace       used 100858K, committed 102912K, reserved 1179648K
  class space    used 10991K, committed 11904K, reserved 1048576K
}
Event: 422.706 GC heap after
{Heap after GC invocations=1840 (full 5):
 PSYoungGen      total 4096K, used 756K [0x00000000d5580000, 0x00000000d5c80000, 0x0000000100000000)
  eden space 3072K, 0% used [0x00000000d5580000,0x00000000d5580000,0x00000000d5880000)
  from space 1024K, 73% used [0x00000000d5880000,0x00000000d593d200,0x00000000d5980000)
  to   space 1536K, 0% used [0x00000000d5b00000,0x00000000d5b00000,0x00000000d5c80000)
 ParOldGen       total 1366016K, used 1365649K [0x0000000080000000, 0x00000000d3600000, 0x00000000d5580000)
  object space 1366016K, 99% used [0x0000000080000000,0x00000000d35a4400,0x00000000d3600000)
 Metaspace       used 100858K, committed 102912K, reserved 1179648K
  class space    used 10991K, committed 11904K, reserved 1048576K
}
Event: 422.710 GC heap before
{Heap before GC invocations=1841 (full 5):
 PSYoungGen      total 4096K, used 3828K [0x00000000d5580000, 0x00000000d5c80000, 0x0000000100000000)
  eden space 3072K, 100% used [0x00000000d5580000,0x00000000d5880000,0x00000000d5880000)
  from space 1024K, 73% used [0x00000000d5880000,0x00000000d593d200,0x00000000d5980000)
  to   space 1536K, 0% used [0x00000000d5b00000,0x00000000d5b00000,0x00000000d5c80000)
 ParOldGen       total 1366016K, used 1365649K [0x0000000080000000, 0x00000000d3600000, 0x00000000d5580000)
  object space 1366016K, 99% used [0x0000000080000000,0x00000000d35a4400,0x00000000d3600000)
 Metaspace       used 100858K, committed 102912K, reserved 1179648K
  class space    used 10991K, committed 11904K, reserved 1048576K
}
Event: 422.713 GC heap after
{Heap after GC invocations=1841 (full 5):
 PSYoungGen      total 4608K, used 384K [0x00000000d5580000, 0x00000000d5b80000, 0x0000000100000000)
  eden space 4096K, 0% used [0x00000000d5580000,0x00000000d5580000,0x00000000d5980000)
  from space 512K, 75% used [0x00000000d5b00000,0x00000000d5b60000,0x00000000d5b80000)
  to   space 1024K, 0% used [0x00000000d5980000,0x00000000d5980000,0x00000000d5a80000)
 ParOldGen       total 1366528K, used 1366369K [0x0000000080000000, 0x00000000d3680000, 0x00000000d5580000)
  object space 1366528K, 99% used [0x0000000080000000,0x00000000d3658630,0x00000000d3680000)
 Metaspace       used 100858K, committed 102912K, reserved 1179648K
  class space    used 10991K, committed 11904K, reserved 1048576K
}
Event: 422.717 GC heap before
{Heap before GC invocations=1842 (full 5):
 PSYoungGen      total 4608K, used 4480K [0x00000000d5580000, 0x00000000d5b80000, 0x0000000100000000)
  eden space 4096K, 100% used [0x00000000d5580000,0x00000000d5980000,0x00000000d5980000)
  from space 512K, 75% used [0x00000000d5b00000,0x00000000d5b60000,0x00000000d5b80000)
  to   space 1024K, 0% used [0x00000000d5980000,0x00000000d5980000,0x00000000d5a80000)
 ParOldGen       total 1366528K, used 1366369K [0x0000000080000000, 0x00000000d3680000, 0x00000000d5580000)
  object space 1366528K, 99% used [0x0000000080000000,0x00000000d3658630,0x00000000d3680000)
 Metaspace       used 100858K, committed 102912K, reserved 1179648K
  class space    used 10991K, committed 11904K, reserved 1048576K
}
Event: 422.720 GC heap after
{Heap after GC invocations=1842 (full 5):
 PSYoungGen      total 5120K, used 384K [0x00000000d5580000, 0x00000000d5b80000, 0x0000000100000000)
  eden space 4096K, 0% used [0x00000000d5580000,0x00000000d5580000,0x00000000d5980000)
  from space 1024K, 37% used [0x00000000d5980000,0x00000000d59e0000,0x00000000d5a80000)
  to   space 512K, 0% used [0x00000000d5b00000,0x00000000d5b00000,0x00000000d5b80000)
 ParOldGen       total 1367040K, used 1366697K [0x0000000080000000, 0x00000000d3700000, 0x00000000d5580000)
  object space 1367040K, 99% used [0x0000000080000000,0x00000000d36aa650,0x00000000d3700000)
 Metaspace       used 100858K, committed 102912K, reserved 1179648K
  class space    used 10991K, committed 11904K, reserved 1048576K
}
Event: 422.734 GC heap before
{Heap before GC invocations=1843 (full 5):
 PSYoungGen      total 5120K, used 4480K [0x00000000d5580000, 0x00000000d5b80000, 0x0000000100000000)
  eden space 4096K, 100% used [0x00000000d5580000,0x00000000d5980000,0x00000000d5980000)
  from space 1024K, 37% used [0x00000000d5980000,0x00000000d59e0000,0x00000000d5a80000)
  to   space 512K, 0% used [0x00000000d5b00000,0x00000000d5b00000,0x00000000d5b80000)
 ParOldGen       total 1367040K, used 1366697K [0x0000000080000000, 0x00000000d3700000, 0x00000000d5580000)
  object space 1367040K, 99% used [0x0000000080000000,0x00000000d36aa650,0x00000000d3700000)
 Metaspace       used 100861K, committed 102912K, reserved 1179648K
  class space    used 10991K, committed 11904K, reserved 1048576K
}
Event: 422.740 GC heap after
{Heap after GC invocations=1843 (full 5):
 PSYoungGen      total 4608K, used 512K [0x00000000d5580000, 0x00000000d5d80000, 0x0000000100000000)
  eden space 4096K, 0% used [0x00000000d5580000,0x00000000d5580000,0x00000000d5980000)
  from space 512K, 100% used [0x00000000d5b00000,0x00000000d5b80000,0x00000000d5b80000)
  to   space 1536K, 0% used [0x00000000d5980000,0x00000000d5980000,0x00000000d5b00000)
 ParOldGen       total 1367552K, used 1367129K [0x0000000080000000, 0x00000000d3780000, 0x00000000d5580000)
  object space 1367552K, 99% used [0x0000000080000000,0x00000000d3716690,0x00000000d3780000)
 Metaspace       used 100861K, committed 102912K, reserved 1179648K
  class space    used 10991K, committed 11904K, reserved 1048576K
}
Event: 442.531 GC heap before
{Heap before GC invocations=1844 (full 5):
 PSYoungGen      total 4608K, used 4608K [0x00000000d5580000, 0x00000000d5d80000, 0x0000000100000000)
  eden space 4096K, 100% used [0x00000000d5580000,0x00000000d5980000,0x00000000d5980000)
  from space 512K, 100% used [0x00000000d5b00000,0x00000000d5b80000,0x00000000d5b80000)
  to   space 1536K, 0% used [0x00000000d5980000,0x00000000d5980000,0x00000000d5b00000)
 ParOldGen       total 1367552K, used 1367129K [0x0000000080000000, 0x00000000d3780000, 0x00000000d5580000)
  object space 1367552K, 99% used [0x0000000080000000,0x00000000d3716690,0x00000000d3780000)
 Metaspace       used 100862K, committed 102912K, reserved 1179648K
  class space    used 10991K, committed 11904K, reserved 1048576K
}
Event: 442.535 GC heap after
{Heap after GC invocations=1844 (full 5):
 PSYoungGen      total 5632K, used 96K [0x00000000d5580000, 0x00000000d5b80000, 0x0000000100000000)
  eden space 4096K, 0% used [0x00000000d5580000,0x00000000d5580000,0x00000000d5980000)
  from space 1536K, 6% used [0x00000000d5980000,0x00000000d5998000,0x00000000d5b00000)
  to   space 512K, 0% used [0x00000000d5b00000,0x00000000d5b00000,0x00000000d5b80000)
 ParOldGen       total 1368064K, used 1367661K [0x0000000080000000, 0x00000000d3800000, 0x00000000d5580000)
  object space 1368064K, 99% used [0x0000000080000000,0x00000000d379b6a0,0x00000000d3800000)
 Metaspace       used 100862K, committed 102912K, reserved 1179648K
  class space    used 10991K, committed 11904K, reserved 1048576K
}

Dll operation events (15 events):
Event: 0.016 Loaded shared library c:\Users\vexer\.vscode\extensions\redhat.java-1.55.0-win32-x64\jre\21.0.11-win32-x86_64\bin\java.dll
Event: 0.161 Loaded shared library c:\Users\vexer\.vscode\extensions\redhat.java-1.55.0-win32-x64\jre\21.0.11-win32-x86_64\bin\zip.dll
Event: 0.186 Loaded shared library C:\Users\vexer\.vscode\extensions\redhat.java-1.55.0-win32-x64\jre\21.0.11-win32-x86_64\bin\instrument.dll
Event: 0.190 Loaded shared library C:\Users\vexer\.vscode\extensions\redhat.java-1.55.0-win32-x64\jre\21.0.11-win32-x86_64\bin\net.dll
Event: 0.193 Loaded shared library C:\Users\vexer\.vscode\extensions\redhat.java-1.55.0-win32-x64\jre\21.0.11-win32-x86_64\bin\nio.dll
Event: 0.198 Loaded shared library C:\Users\vexer\.vscode\extensions\redhat.java-1.55.0-win32-x64\jre\21.0.11-win32-x86_64\bin\zip.dll
Event: 0.449 Loaded shared library C:\Users\vexer\.vscode\extensions\redhat.java-1.55.0-win32-x64\jre\21.0.11-win32-x86_64\bin\jimage.dll
Event: 0.694 Loaded shared library c:\Users\vexer\.vscode\extensions\redhat.java-1.55.0-win32-x64\jre\21.0.11-win32-x86_64\bin\verify.dll
Event: 5.061 Loaded shared library C:\Users\vexer\AppData\Roaming\Code\User\globalStorage\redhat.java\1.55.0\config_win\org.eclipse.equinox.launcher\org.eclipse.equinox.launcher.win32.win32.x86_64_1.3.100.v20260613-0559\eclipse_11924.dll
Event: 9.630 Loaded shared library C:\Users\vexer\AppData\Local\Temp\jna-112102934\jna3962881109083287265.dll
Event: 24.148 Loaded shared library C:\Users\vexer\.gradle\native\1def1411415f61bf3af743bc5b6707747c0891f09f0c88961ee8f79bc544acac\windows-amd64\native-platform.dll
Event: 26.473 Loaded shared library C:\Users\vexer\.vscode\extensions\redhat.java-1.55.0-win32-x64\jre\21.0.11-win32-x86_64\bin\management.dll
Event: 26.479 Loaded shared library C:\Users\vexer\.vscode\extensions\redhat.java-1.55.0-win32-x64\jre\21.0.11-win32-x86_64\bin\management_ext.dll
Event: 27.445 Loaded shared library C:\Users\vexer\.vscode\extensions\redhat.java-1.55.0-win32-x64\jre\21.0.11-win32-x86_64\bin\sunmscapi.dll
Event: 27.560 Loaded shared library C:\Users\vexer\.vscode\extensions\redhat.java-1.55.0-win32-x64\jre\21.0.11-win32-x86_64\bin\extnet.dll

Deoptimization events (20 events):
Event: 411.163 Thread 0x000002117f3d4750 DEOPT PACKING pc=0x000002112dc6ea2c sp=0x000000fbdc0fe3a0
Event: 411.163 Thread 0x000002117f3d4750 DEOPT UNPACKING pc=0x000002112c206da2 sp=0x000000fbdc0fe378 mode 2
Event: 415.114 Thread 0x000002117f3d33a0 Uncommon trap: trap_request=0xffffffd6 fr.pc=0x000002112dfae84c relative=0x000000000000118c
Event: 415.114 Thread 0x000002117f3d33a0 Uncommon trap: reason=array_check action=maybe_recompile pc=0x000002112dfae84c method=java.util.TimSort.mergeHi(IIII)V @ 101 c2
Event: 415.114 Thread 0x000002117f3d33a0 DEOPT PACKING pc=0x000002112dfae84c sp=0x000000fbdbcfe140
Event: 415.114 Thread 0x000002117f3d33a0 DEOPT UNPACKING pc=0x000002112c206da2 sp=0x000000fbdbcfe108 mode 2
Event: 415.114 Thread 0x000002117f3d33a0 Uncommon trap: trap_request=0xffffffd6 fr.pc=0x000002112dfae84c relative=0x000000000000118c
Event: 415.114 Thread 0x000002117f3d33a0 Uncommon trap: reason=array_check action=maybe_recompile pc=0x000002112dfae84c method=java.util.TimSort.mergeHi(IIII)V @ 101 c2
Event: 415.114 Thread 0x000002117f3d33a0 DEOPT PACKING pc=0x000002112dfae84c sp=0x000000fbdbcfe140
Event: 415.114 Thread 0x000002117f3d33a0 DEOPT UNPACKING pc=0x000002112c206da2 sp=0x000000fbdbcfe108 mode 2
Event: 415.115 Thread 0x000002117f3d33a0 Uncommon trap: trap_request=0xffffffd6 fr.pc=0x000002112dfae84c relative=0x000000000000118c
Event: 415.115 Thread 0x000002117f3d33a0 Uncommon trap: reason=array_check action=maybe_recompile pc=0x000002112dfae84c method=java.util.TimSort.mergeHi(IIII)V @ 101 c2
Event: 415.115 Thread 0x000002117f3d33a0 DEOPT PACKING pc=0x000002112dfae84c sp=0x000000fbdbcfdfe0
Event: 415.115 Thread 0x000002117f3d33a0 DEOPT UNPACKING pc=0x000002112c206da2 sp=0x000000fbdbcfdfa8 mode 2
Event: 415.115 Thread 0x000002117f3d33a0 Uncommon trap: trap_request=0xffffffd6 fr.pc=0x000002112dfae84c relative=0x000000000000118c
Event: 415.115 Thread 0x000002117f3d33a0 Uncommon trap: reason=array_check action=maybe_recompile pc=0x000002112dfae84c method=java.util.TimSort.mergeHi(IIII)V @ 101 c2
Event: 415.115 Thread 0x000002117f3d33a0 DEOPT PACKING pc=0x000002112dfae84c sp=0x000000fbdbcfdfe0
Event: 415.115 Thread 0x000002117f3d33a0 DEOPT UNPACKING pc=0x000002112c206da2 sp=0x000000fbdbcfdfa8 mode 2
Event: 418.664 Thread 0x000002110224cab0 DEOPT PACKING pc=0x00000211277c4172 sp=0x000000fbdd5fe130
Event: 418.664 Thread 0x000002110224cab0 DEOPT UNPACKING pc=0x000002112c2078e2 sp=0x000000fbdd5fd5e8 mode 0

Classes loaded (20 events):
Event: 333.734 Loading class java/util/function/LongFunction
Event: 333.734 Loading class java/util/function/LongFunction done
Event: 333.734 Loading class java/util/stream/Nodes$ConcNode
Event: 333.734 Loading class java/util/stream/Nodes$AbstractConcNode
Event: 333.734 Loading class java/util/stream/Nodes$AbstractConcNode done
Event: 333.734 Loading class java/util/stream/Nodes$ConcNode done
Event: 333.752 Loading class java/io/ObjectOutputStream$BlockDataOutputStream
Event: 333.753 Loading class java/io/ObjectOutputStream$BlockDataOutputStream done
Event: 333.753 Loading class java/io/ObjectOutputStream$HandleTable
Event: 333.753 Loading class java/io/ObjectOutputStream$HandleTable done
Event: 333.753 Loading class java/io/ObjectOutputStream$ReplaceTable
Event: 333.753 Loading class java/io/ObjectOutputStream$ReplaceTable done
Event: 349.536 Loading class java/nio/channels/CompletionHandler
Event: 349.536 Loading class java/nio/channels/CompletionHandler done
Event: 408.809 Loading class jdk/internal/module/IllegalAccessLogger
Event: 408.809 Loading class jdk/internal/module/IllegalAccessLogger done
Event: 408.950 Loading class java/lang/StringLatin1$LinesSpliterator
Event: 408.951 Loading class java/lang/StringLatin1$LinesSpliterator done
Event: 412.095 Loading class jdk/internal/module/IllegalAccessLogger
Event: 412.095 Loading class jdk/internal/module/IllegalAccessLogger done

Classes unloaded (7 events):
Event: 10.410 Thread 0x000002112194dd20 Unloading class 0x000002113a1a9400 'java/lang/invoke/LambdaForm$MH+0x000002113a1a9400'
Event: 10.410 Thread 0x000002112194dd20 Unloading class 0x000002113a1a9000 'java/lang/invoke/LambdaForm$MH+0x000002113a1a9000'
Event: 10.410 Thread 0x000002112194dd20 Unloading class 0x000002113a1a8c00 'java/lang/invoke/LambdaForm$MH+0x000002113a1a8c00'
Event: 10.410 Thread 0x000002112194dd20 Unloading class 0x000002113a1a8800 'java/lang/invoke/LambdaForm$MH+0x000002113a1a8800'
Event: 10.410 Thread 0x000002112194dd20 Unloading class 0x000002113a1a8400 'java/lang/invoke/LambdaForm$BMH+0x000002113a1a8400'
Event: 10.410 Thread 0x000002112194dd20 Unloading class 0x000002113a1a8000 'java/lang/invoke/LambdaForm$DMH+0x000002113a1a8000'
Event: 10.410 Thread 0x000002112194dd20 Unloading class 0x000002113a1a6c00 'java/lang/invoke/LambdaForm$DMH+0x000002113a1a6c00'

Classes redefined (0 events):
No events

Internal exceptions (20 events):
Event: 323.323 Thread 0x000002117f3d4750 Exception <a 'sun/nio/fs/WindowsException'{0x00000000d570d038}> (0x00000000d570d038) 
thrown [s\src\hotspot\share\prims\jni.cpp, line 520]
Event: 330.703 Thread 0x000002110224cab0 Exception <a 'java/lang/NoSuchMethodError'{0x00000000d59ea008}: 'void java.lang.invoke.DirectMethodHandle$Holder.invokeSpecial(java.lang.Object, java.lang.Object, int)'> (0x00000000d59ea008) 
thrown [s\src\hotspot\share\interpreter\linkResolver.cpp, line 773]
Event: 330.752 Thread 0x000002110224cab0 Exception <a 'java/lang/NoSuchMethodError'{0x00000000d57d0110}: 'int java.lang.invoke.DirectMethodHandle$Holder.invokeVirtual(java.lang.Object, java.lang.Object, java.lang.Object, int)'> (0x00000000d57d0110) 
thrown [s\src\hotspot\share\interpreter\linkResolver.cpp, line 773]
Event: 333.747 Thread 0x000002117e758bf0 Exception <a 'sun/nio/fs/WindowsException'{0x00000000d59aaa70}> (0x00000000d59aaa70) 
thrown [s\src\hotspot\share\prims\jni.cpp, line 520]
Event: 333.747 Thread 0x000002117e758bf0 Exception <a 'sun/nio/fs/WindowsException'{0x00000000d59ab578}> (0x00000000d59ab578) 
thrown [s\src\hotspot\share\prims\jni.cpp, line 520]
Event: 333.748 Thread 0x000002117e758bf0 Implicit null exception at 0x000002112d042406 to 0x000002112d0426a0
Event: 333.761 Thread 0x000002117e758bf0 Exception <a 'java/lang/NoSuchMethodError'{0x00000000d5a1c780}: 'java.lang.Object java.lang.invoke.DirectMethodHandle$Holder.newInvokeSpecial(java.lang.Object, java.lang.Object, java.lang.Object, java.lang.Object, java.lang.Object, java.lang.Object, java.lang.Object, java.lang.Object)'> (0x00000000d5a1c780) 
thrown [s\src\hotspot\share\interpreter\linkResolver.cpp, line 773]
Event: 345.048 Thread 0x000002110224cab0 Implicit null exception at 0x000002112d2658be to 0x000002112d268bb8
Event: 346.313 Thread 0x000002110224cab0 Implicit null exception at 0x000002112d2658be to 0x000002112d268bb8
Event: 409.678 Thread 0x000002117f3d4750 Exception <a 'sun/nio/fs/WindowsException'{0x00000000d5792420}> (0x00000000d5792420) 
thrown [s\src\hotspot\share\prims\jni.cpp, line 520]
Event: 410.117 Thread 0x000002117f3d2680 Implicit null exception at 0x000002112ccf8ce7 to 0x000002112ccf9694
Event: 410.117 Thread 0x000002117f3d2680 Implicit null exception at 0x000002112da70289 to 0x000002112da70898
Event: 410.162 Thread 0x000002117f3d4750 Exception <a 'sun/nio/fs/WindowsException'{0x00000000d5667e28}> (0x00000000d5667e28) 
thrown [s\src\hotspot\share\prims\jni.cpp, line 520]
Event: 410.257 Thread 0x000002117f3d2680 Implicit null exception at 0x000002112de8d5ff to 0x000002112de8db80
Event: 410.258 Thread 0x000002117f3d2680 Implicit null exception at 0x000002112ca54ba2 to 0x000002112ca54cf4
Event: 410.267 Thread 0x000002117f3d2680 Implicit null exception at 0x000002112cb58a5a to 0x000002112cb58ae1
Event: 410.277 Thread 0x000002117f3d2680 Implicit null exception at 0x000002112cd189c7 to 0x000002112cd19f8c
Event: 410.280 Thread 0x000002117f3d2680 Implicit null exception at 0x000002112cded902 to 0x000002112cdee244
Event: 410.659 Thread 0x000002117f3d2680 Implicit null exception at 0x000002112cb31637 to 0x000002112cb335c8
Event: 410.770 Thread 0x000002117f3d2680 Implicit null exception at 0x000002112d6c6941 to 0x000002112d6c72d4

ZGC Phase Switch (0 events):
No events

VM Operations (20 events):
Event: 420.983 Executing non-safepoint VM operation: RendezvousGCThreads
Event: 420.983 Executing non-safepoint VM operation: RendezvousGCThreads done
Event: 422.667 Executing safepoint VM operation: ParallelGCFailedAllocation (Allocation Failure)
Event: 422.673 Executing safepoint VM operation: ParallelGCFailedAllocation (Allocation Failure) done
Event: 422.678 Executing safepoint VM operation: ParallelGCFailedAllocation (Allocation Failure)
Event: 422.682 Executing safepoint VM operation: ParallelGCFailedAllocation (Allocation Failure) done
Event: 422.687 Executing safepoint VM operation: ParallelGCFailedAllocation (Allocation Failure)
Event: 422.695 Executing safepoint VM operation: ParallelGCFailedAllocation (Allocation Failure) done
Event: 422.701 Executing safepoint VM operation: ParallelGCFailedAllocation (Allocation Failure)
Event: 422.706 Executing safepoint VM operation: ParallelGCFailedAllocation (Allocation Failure) done
Event: 422.710 Executing safepoint VM operation: ParallelGCFailedAllocation (Allocation Failure)
Event: 422.713 Executing safepoint VM operation: ParallelGCFailedAllocation (Allocation Failure) done
Event: 422.717 Executing safepoint VM operation: ParallelGCFailedAllocation (Allocation Failure)
Event: 422.720 Executing safepoint VM operation: ParallelGCFailedAllocation (Allocation Failure) done
Event: 422.734 Executing safepoint VM operation: ParallelGCFailedAllocation (Allocation Failure)
Event: 422.740 Executing safepoint VM operation: ParallelGCFailedAllocation (Allocation Failure) done
Event: 425.754 Executing safepoint VM operation: Cleanup
Event: 425.754 Executing safepoint VM operation: Cleanup done
Event: 442.531 Executing safepoint VM operation: ParallelGCFailedAllocation (Allocation Failure)
Event: 442.535 Executing safepoint VM operation: ParallelGCFailedAllocation (Allocation Failure) done

Memory protections (0 events):
No events

Nmethod flushes (20 events):
Event: 267.828 Thread 0x000002112194dd20 flushing  nmethod 0x0000021126adc490
Event: 267.828 Thread 0x000002112194dd20 flushing  nmethod 0x0000021126ae8c90
Event: 267.828 Thread 0x000002112194dd20 flushing  nmethod 0x0000021126b13b10
Event: 267.828 Thread 0x000002112194dd20 flushing  nmethod 0x0000021126b25f10
Event: 267.828 Thread 0x000002112194dd20 flushing  nmethod 0x0000021126b2f890
Event: 267.828 Thread 0x000002112194dd20 flushing  nmethod 0x0000021126b56e90
Event: 267.828 Thread 0x000002112194dd20 flushing  nmethod 0x0000021126b65710
Event: 267.828 Thread 0x000002112194dd20 flushing  nmethod 0x0000021126bbcb90
Event: 267.828 Thread 0x000002112194dd20 flushing  nmethod 0x0000021126bc6b10
Event: 267.828 Thread 0x000002112194dd20 flushing  nmethod 0x0000021126bf9d90
Event: 267.828 Thread 0x000002112194dd20 flushing  nmethod 0x0000021126c42b90
Event: 267.828 Thread 0x000002112194dd20 flushing  nmethod 0x0000021126c89c90
Event: 267.828 Thread 0x000002112194dd20 flushing  nmethod 0x0000021126caae10
Event: 267.828 Thread 0x000002112194dd20 flushing osr nmethod 0x0000021126cb0f90
Event: 267.828 Thread 0x000002112194dd20 flushing  nmethod 0x0000021126cb8290
Event: 267.828 Thread 0x000002112194dd20 flushing  nmethod 0x0000021126cd1b10
Event: 267.828 Thread 0x000002112194dd20 flushing  nmethod 0x0000021126cdc210
Event: 267.828 Thread 0x000002112194dd20 flushing  nmethod 0x0000021126cdc590
Event: 267.828 Thread 0x000002112194dd20 flushing  nmethod 0x0000021126d00890
Event: 267.828 Thread 0x000002112194dd20 flushing  nmethod 0x0000021126e3d890

Events (20 events):
Event: 333.726 Thread 0x000002117e758bf0 Thread added: 0x000002110224eb80
Event: 333.735 Thread 0x000002110224eb80 Thread exited: 0x000002110224eb80
Event: 333.749 Thread 0x000002117e758bf0 Thread added: 0x000002110224eb80
Event: 333.750 Thread 0x000002110224eb80 Thread exited: 0x000002110224eb80
Event: 383.180 Thread 0x0000021102f9e060 Thread exited: 0x0000021102f9e060
Event: 393.714 Thread 0x000002117f3d1960 Thread exited: 0x000002117f3d1960
Event: 393.932 Thread 0x000002117f3d2d10 Thread exited: 0x000002117f3d2d10
Event: 393.932 Thread 0x000002117e758bf0 Thread exited: 0x000002117e758bf0
Event: 393.995 Thread 0x000002117f3d2680 Thread exited: 0x000002117f3d2680
Event: 408.809 Thread 0x000002117f3d33a0 Thread added: 0x000002117f3d2680
Event: 409.073 Thread 0x000002117e759280 Thread added: 0x000002117f3d1960
Event: 410.268 Thread 0x00000211219f1ea0 Thread added: 0x0000021100f7c570
Event: 410.336 Thread 0x000002117f3d1960 Thread added: 0x0000021102f9e060
Event: 410.357 Thread 0x000002117e759280 Thread added: 0x000002117e758bf0
Event: 413.533 Thread 0x0000021100f7c570 Thread exited: 0x0000021100f7c570
Event: 472.107 Thread 0x000002117f3d2680 Thread exited: 0x000002117f3d2680
Event: 479.420 Thread 0x000002117e759280 Thread exited: 0x000002117e759280
Event: 479.464 Thread 0x0000021102f9e060 Thread exited: 0x0000021102f9e060
Event: 479.500 Thread 0x000002117e758bf0 Thread exited: 0x000002117e758bf0
Event: 502.785 Thread 0x000002110224d140 Thread exited: 0x000002110224d140


Dynamic libraries:
0x00007ff7777b0000 - 0x00007ff7777be000 	c:\Users\vexer\.vscode\extensions\redhat.java-1.55.0-win32-x64\jre\21.0.11-win32-x86_64\bin\java.exe
0x00007ff9a3280000 - 0x00007ff9a34e6000 	C:\WINDOWS\SYSTEM32\ntdll.dll
0x00007ff9a2210000 - 0x00007ff9a22d9000 	C:\WINDOWS\System32\KERNEL32.DLL
0x00007ff9a0950000 - 0x00007ff9a0d50000 	C:\WINDOWS\System32\KERNELBASE.dll
0x00007ff9a0d60000 - 0x00007ff9a0eac000 	C:\WINDOWS\System32\ucrtbase.dll
0x00007ff92bf30000 - 0x00007ff92bf48000 	c:\Users\vexer\.vscode\extensions\redhat.java-1.55.0-win32-x64\jre\21.0.11-win32-x86_64\bin\jli.dll
0x00007ff9a14f0000 - 0x00007ff9a16b7000 	C:\WINDOWS\System32\USER32.dll
0x00007ff9a0f80000 - 0x00007ff9a0fa7000 	C:\WINDOWS\System32\win32u.dll
0x00007ff9a2570000 - 0x00007ff9a259b000 	C:\WINDOWS\System32\GDI32.dll
0x00007ff9a06b0000 - 0x00007ff9a07d9000 	C:\WINDOWS\System32\gdi32full.dll
0x00007ff9a08a0000 - 0x00007ff9a0943000 	C:\WINDOWS\System32\msvcp_win.dll
0x00007ff92bf10000 - 0x00007ff92bf2e000 	c:\Users\vexer\.vscode\extensions\redhat.java-1.55.0-win32-x64\jre\21.0.11-win32-x86_64\bin\VCRUNTIME140.dll
0x00007ff98b8b0000 - 0x00007ff98bb42000 	C:\WINDOWS\WinSxS\amd64_microsoft.windows.common-controls_6595b64144ccf1df_6.0.26100.8737_none_3e092eaee333b772\COMCTL32.dll
0x00007ff9a2060000 - 0x00007ff9a2109000 	C:\WINDOWS\System32\msvcrt.dll
0x00007ff9a24c0000 - 0x00007ff9a24f2000 	C:\WINDOWS\System32\IMM32.DLL
0x00007ff98d000000 - 0x00007ff98d00c000 	c:\Users\vexer\.vscode\extensions\redhat.java-1.55.0-win32-x64\jre\21.0.11-win32-x86_64\bin\vcruntime140_1.dll
0x00007ff92be80000 - 0x00007ff92bf0d000 	c:\Users\vexer\.vscode\extensions\redhat.java-1.55.0-win32-x64\jre\21.0.11-win32-x86_64\bin\msvcp140.dll
0x00007ff8f9a90000 - 0x00007ff8fa832000 	c:\Users\vexer\.vscode\extensions\redhat.java-1.55.0-win32-x64\jre\21.0.11-win32-x86_64\bin\server\jvm.dll
0x00007ff9a2660000 - 0x00007ff9a2717000 	C:\WINDOWS\System32\ADVAPI32.dll
0x00007ff9a1440000 - 0x00007ff9a14ea000 	C:\WINDOWS\System32\sechost.dll
0x00007ff9a2720000 - 0x00007ff9a2838000 	C:\WINDOWS\System32\RPCRT4.dll
0x00007ff9a1f40000 - 0x00007ff9a1fc0000 	C:\WINDOWS\System32\WS2_32.dll
0x00007ff9a0300000 - 0x00007ff9a035e000 	C:\WINDOWS\SYSTEM32\POWRPROF.dll
0x00007ff9874f0000 - 0x00007ff987526000 	C:\WINDOWS\SYSTEM32\WINMM.dll
0x00007ff98bba0000 - 0x00007ff98bbab000 	C:\WINDOWS\SYSTEM32\VERSION.dll
0x00007ff9a02e0000 - 0x00007ff9a02f4000 	C:\WINDOWS\SYSTEM32\UMPDC.dll
0x00007ff99f150000 - 0x00007ff99f16b000 	C:\WINDOWS\SYSTEM32\kernel.appcore.dll
0x00007ff970ab0000 - 0x00007ff970aba000 	c:\Users\vexer\.vscode\extensions\redhat.java-1.55.0-win32-x64\jre\21.0.11-win32-x86_64\bin\jimage.dll
0x00007ff99da00000 - 0x00007ff99dc42000 	C:\WINDOWS\SYSTEM32\DBGHELP.DLL
0x00007ff9a0fb0000 - 0x00007ff9a1333000 	C:\WINDOWS\System32\combase.dll
0x00007ff9a2b60000 - 0x00007ff9a2c39000 	C:\WINDOWS\System32\OLEAUT32.dll
0x00007ff985aa0000 - 0x00007ff985adb000 	C:\WINDOWS\SYSTEM32\dbgcore.DLL
0x00007ff9a0ec0000 - 0x00007ff9a0f6c000 	C:\WINDOWS\System32\bcryptPrimitives.dll
0x00007ff970920000 - 0x00007ff97092f000 	c:\Users\vexer\.vscode\extensions\redhat.java-1.55.0-win32-x64\jre\21.0.11-win32-x86_64\bin\instrument.dll
0x00007ff92be60000 - 0x00007ff92be80000 	c:\Users\vexer\.vscode\extensions\redhat.java-1.55.0-win32-x64\jre\21.0.11-win32-x86_64\bin\java.dll
0x00007ff9a16e0000 - 0x00007ff9a1e72000 	C:\WINDOWS\System32\SHELL32.dll
0x00007ff99df00000 - 0x00007ff99e792000 	C:\WINDOWS\SYSTEM32\windows.storage.dll
0x00007ff9a2110000 - 0x00007ff9a2207000 	C:\WINDOWS\System32\SHCORE.dll
0x00007ff9a2500000 - 0x00007ff9a2567000 	C:\WINDOWS\System32\shlwapi.dll
0x00007ff9a03c0000 - 0x00007ff9a03e9000 	C:\WINDOWS\SYSTEM32\profapi.dll
0x00007ff92be40000 - 0x00007ff92be58000 	c:\Users\vexer\.vscode\extensions\redhat.java-1.55.0-win32-x64\jre\21.0.11-win32-x86_64\bin\zip.dll
0x00007ff970810000 - 0x00007ff970820000 	C:\Users\vexer\.vscode\extensions\redhat.java-1.55.0-win32-x64\jre\21.0.11-win32-x86_64\bin\net.dll
0x00007ff98ef40000 - 0x00007ff98f069000 	C:\WINDOWS\SYSTEM32\WINHTTP.dll
0x00007ff99f6f0000 - 0x00007ff99f75c000 	C:\WINDOWS\system32\mswsock.dll
0x00007ff91fd40000 - 0x00007ff91fd56000 	C:\Users\vexer\.vscode\extensions\redhat.java-1.55.0-win32-x64\jre\21.0.11-win32-x86_64\bin\nio.dll
0x00007ff970440000 - 0x00007ff970450000 	c:\Users\vexer\.vscode\extensions\redhat.java-1.55.0-win32-x64\jre\21.0.11-win32-x86_64\bin\verify.dll
0x00007ff9026c0000 - 0x00007ff902705000 	C:\Users\vexer\AppData\Roaming\Code\User\globalStorage\redhat.java\1.55.0\config_win\org.eclipse.equinox.launcher\org.eclipse.equinox.launcher.win32.win32.x86_64_1.3.100.v20260613-0559\eclipse_11924.dll
0x00007ff9a29c0000 - 0x00007ff9a2b59000 	C:\WINDOWS\System32\ole32.dll
0x00007ff99fa50000 - 0x00007ff99fa6b000 	C:\WINDOWS\SYSTEM32\CRYPTSP.dll
0x00007ff99f0a0000 - 0x00007ff99f0d9000 	C:\WINDOWS\system32\rsaenh.dll
0x00007ff99f7d0000 - 0x00007ff99f802000 	C:\WINDOWS\SYSTEM32\USERENV.dll
0x00007ff9a0390000 - 0x00007ff9a03ba000 	C:\WINDOWS\SYSTEM32\bcrypt.dll
0x00007ff99fa30000 - 0x00007ff99fa3c000 	C:\WINDOWS\SYSTEM32\CRYPTBASE.dll
0x00007ff99eaf0000 - 0x00007ff99eb23000 	C:\WINDOWS\SYSTEM32\IPHLPAPI.DLL
0x00007ff9a1f30000 - 0x00007ff9a1f3a000 	C:\WINDOWS\System32\NSI.dll
0x00007ff8fca90000 - 0x00007ff8fcad9000 	C:\Users\vexer\AppData\Local\Temp\jna-112102934\jna3962881109083287265.dll
0x00007ff9a2840000 - 0x00007ff9a2848000 	C:\WINDOWS\System32\PSAPI.DLL
0x00007ff9904c0000 - 0x00007ff9904dd000 	C:\WINDOWS\SYSTEM32\dhcpcsvc6.DLL
0x00007ff990480000 - 0x00007ff9904a5000 	C:\WINDOWS\SYSTEM32\dhcpcsvc.DLL
0x00007ff988bc0000 - 0x00007ff988be7000 	C:\Users\vexer\.gradle\native\1def1411415f61bf3af743bc5b6707747c0891f09f0c88961ee8f79bc544acac\windows-amd64\native-platform.dll
0x00007ff974da0000 - 0x00007ff974daa000 	C:\Users\vexer\.vscode\extensions\redhat.java-1.55.0-win32-x64\jre\21.0.11-win32-x86_64\bin\management.dll
0x00007ff974d90000 - 0x00007ff974d9c000 	C:\Users\vexer\.vscode\extensions\redhat.java-1.55.0-win32-x64\jre\21.0.11-win32-x86_64\bin\management_ext.dll
0x00007ff970000000 - 0x00007ff97000e000 	C:\Users\vexer\.vscode\extensions\redhat.java-1.55.0-win32-x64\jre\21.0.11-win32-x86_64\bin\sunmscapi.dll
0x00007ff9a04a0000 - 0x00007ff9a0618000 	C:\WINDOWS\System32\CRYPT32.dll
0x00007ff99fc70000 - 0x00007ff99fca0000 	C:\WINDOWS\SYSTEM32\ncrypt.dll
0x00007ff99fc20000 - 0x00007ff99fc5f000 	C:\WINDOWS\SYSTEM32\NTASN1.dll
0x00007ff99eb30000 - 0x00007ff99ec85000 	C:\WINDOWS\SYSTEM32\DNSAPI.dll
0x00007ff99f500000 - 0x00007ff99f50d000 	C:\WINDOWS\SYSTEM32\DSPARSE.dll
0x00007ff9904b0000 - 0x00007ff9904bb000 	C:\Windows\System32\rasadhlp.dll
0x00007ff999b00000 - 0x00007ff999b86000 	C:\WINDOWS\System32\fwpuclnt.dll
0x00007ff96cb30000 - 0x00007ff96cb39000 	C:\Users\vexer\.vscode\extensions\redhat.java-1.55.0-win32-x64\jre\21.0.11-win32-x86_64\bin\extnet.dll
0x00007ff97eb70000 - 0x00007ff97eb78000 	C:\WINDOWS\system32\wshunix.dll

JVMTI agents:
c:\Users\vexer\.vscode\extensions\redhat.java-1.55.0-win32-x64\lombok\lombok-1.18.39-4050.jar path:c:\Users\vexer\.vscode\extensions\redhat.java-1.55.0-win32-x64\jre\21.0.11-win32-x86_64\bin\instrument.dll, loaded, initialized, instrumentlib options:none

dbghelp: loaded successfully - version: 4.0.5 - missing functions: none
symbol engine: initialized successfully - sym options: 0x614 - pdb path: .;c:\Users\vexer\.vscode\extensions\redhat.java-1.55.0-win32-x64\jre\21.0.11-win32-x86_64\bin;C:\WINDOWS\SYSTEM32;C:\WINDOWS\WinSxS\amd64_microsoft.windows.common-controls_6595b64144ccf1df_6.0.26100.8737_none_3e092eaee333b772;c:\Users\vexer\.vscode\extensions\redhat.java-1.55.0-win32-x64\jre\21.0.11-win32-x86_64\bin\server;C:\Users\vexer\AppData\Roaming\Code\User\globalStorage\redhat.java\1.55.0\config_win\org.eclipse.equinox.launcher\org.eclipse.equinox.launcher.win32.win32.x86_64_1.3.100.v20260613-0559;C:\Users\vexer\AppData\Local\Temp\jna-112102934;C:\Users\vexer\.gradle\native\1def1411415f61bf3af743bc5b6707747c0891f09f0c88961ee8f79bc544acac\windows-amd64

VM Arguments:
jvm_args: --add-modules=ALL-SYSTEM --add-opens=java.base/java.util=ALL-UNNAMED --add-opens=java.base/java.lang=ALL-UNNAMED --add-opens=java.base/sun.nio.fs=ALL-UNNAMED -Declipse.application=org.eclipse.jdt.ls.core.id1 -Dosgi.bundles.defaultStartLevel=4 -Declipse.product=org.eclipse.jdt.ls.core.product -Djava.import.generatesMetadataFilesAtProjectRoot=false -DDetectVMInstallationsJob.disabled=true -Dfile.encoding=utf8 -XX:+UseParallelGC -XX:GCTimeRatio=4 -XX:AdaptiveSizePolicyWeight=90 -Dsun.zip.disableMemoryMapping=true -Xmx2G -Xms100m -Xlog:disable -javaagent:c:\Users\vexer\.vscode\extensions\redhat.java-1.55.0-win32-x64\lombok\lombok-1.18.39-4050.jar -XX:+HeapDumpOnOutOfMemoryError -XX:HeapDumpPath=c:\Users\vexer\AppData\Roaming\Code\User\workspaceStorage\232e009cab1a75a74b03c9c3a2c3f194\redhat.java -Daether.dependencyCollector.impl=bf 
java_command: c:\Users\vexer\.vscode\extensions\redhat.java-1.55.0-win32-x64\server\plugins\org.eclipse.equinox.launcher_1.7.200.v20260619-2039.jar -configuration c:\Users\vexer\AppData\Roaming\Code\User\globalStorage\redhat.java\1.55.0\config_win -data c:\Users\vexer\AppData\Roaming\Code\User\workspaceStorage\232e009cab1a75a74b03c9c3a2c3f194\redhat.java\jdt_ws --pipe=\\.\pipe\lsp-1d123e586c089d8f5c5d64d0178d2dbb-sock
java_class_path (initial): c:\Users\vexer\.vscode\extensions\redhat.java-1.55.0-win32-x64\server\plugins\org.eclipse.equinox.launcher_1.7.200.v20260619-2039.jar
Launcher Type: SUN_STANDARD

[Global flags]
    uintx AdaptiveSizePolicyWeight                 = 90                                        {product} {command line}
     intx CICompilerCount                          = 3                                         {product} {ergonomic}
    uintx GCTimeRatio                              = 4                                         {product} {command line}
     bool HeapDumpOnOutOfMemoryError               = true                                   {manageable} {command line}
    ccstr HeapDumpPath                             = c:\Users\vexer\AppData\Roaming\Code\User\workspaceStorage\232e009cab1a75a74b03c9c3a2c3f194\redhat.java         {manageable} {command line}
   size_t InitialHeapSize                          = 104857600                                 {product} {command line}
   size_t MaxHeapSize                              = 2147483648                                {product} {command line}
   size_t MaxNewSize                               = 715653120                                 {product} {ergonomic}
   size_t MinHeapDeltaBytes                        = 524288                                    {product} {ergonomic}
   size_t MinHeapSize                              = 104857600                                 {product} {command line}
   size_t NewSize                                  = 34603008                                  {product} {ergonomic}
    uintx NonNMethodCodeHeapSize                   = 5832780                                {pd product} {ergonomic}
    uintx NonProfiledCodeHeapSize                  = 122912730                              {pd product} {ergonomic}
   size_t OldSize                                  = 70254592                                  {product} {ergonomic}
    uintx ProfiledCodeHeapSize                     = 122912730                              {pd product} {ergonomic}
    uintx ReservedCodeCacheSize                    = 251658240                              {pd product} {ergonomic}
     bool SegmentedCodeCache                       = true                                      {product} {ergonomic}
   size_t SoftMaxHeapSize                          = 2147483648                             {manageable} {ergonomic}
     bool UseCompressedOops                        = true                           {product lp64_product} {ergonomic}
     bool UseLargePagesIndividualAllocation        = false                                  {pd product} {ergonomic}
     bool UseParallelGC                            = true                                      {product} {command line}

Logging:
Log output configuration:
 #0: stdout all=off uptime,level,tags foldmultilines=false
 #1: stderr all=off uptime,level,tags foldmultilines=false

Release file:
JAVA_VERSION="21.0.11" 
MODULES="java.base java.compiler java.datatransfer java.xml java.prefs java.desktop java.instrument java.logging java.management java.security.sasl java.naming java.rmi java.management.rmi java.net.http java.scripting java.security.jgss java.transaction.xa java.sql java.sql.rowset java.xml.crypto java.se java.smartcardio jdk.accessibility jdk.internal.jvmstat jdk.attach jdk.charsets jdk.internal.opt jdk.zipfs jdk.compiler jdk.crypto.ec jdk.crypto.cryptoki jdk.crypto.mscapi jdk.dynalink jdk.internal.ed jdk.editpad jdk.hotspot.agent jdk.httpserver jdk.internal.le jdk.internal.vm.ci jdk.internal.vm.compiler jdk.internal.vm.compiler.management jdk.jartool jdk.javadoc jdk.jcmd jdk.management jdk.management.agent jdk.jconsole jdk.jdeps jdk.jdwp.agent jdk.jdi jdk.jfr jdk.jshell jdk.jsobject jdk.jstatd jdk.localedata jdk.management.jfr jdk.naming.dns jdk.naming.rmi jdk.net jdk.nio.mapmode jdk.random jdk.sctp jdk.security.auth jdk.security.jgss jdk.unsupported jdk.unsupported.desktop jdk.xml.dom" 

Environment Variables:
JAVA_HOME=C:\Program Files\Java\jdk-17
PATH=C:\Program Files (x86)\NVIDIA Corporation\PhysX\Common;C:\Program Files\Common Files\Oracle\Java\javapath;C:\WINDOWS\system32;C:\WINDOWS;C:\WINDOWS\System32\Wbem;C:\WINDOWS\System32\WindowsPowerShell\v1.0\;C:\WINDOWS\System32\OpenSSH\;C:\Program Files\Git\cmd;C:\Program Files\nodejs\;C:\php8.5;C:\ProgramData\ComposerSetup\bin;C:\Users\vexer\.config\herd\bin\nvm;C:\Program Files\nodejs;%JAVA_PATH%\bin;C:\Program Files\Maven\bin\bin;;C:\Program Files\Docker\Docker\resources\bin;C:\Program Files\Go\bin;C:\Users\vexer\.cargo\bin;C:\Users\vexer\.config\herd\bin;C:\Users\vexer\AppData\Local\Programs\Python\Python313\Scripts\;C:\Users\vexer\AppData\Local\Programs\Python\Python313\;C:\Users\vexer\AppData\Local\Microsoft\WindowsApps;C:\Users\vexer\AppData\Local\Programs\Microsoft VS Code\bin;C:\Program Files\JetBrains\IntelliJ IDEA Community Edition 2024.3\bin;;C:\Flutter SDK\flutter\bin;C:\Users\vexer\AppData\Local\Programs\mongosh\;C:\Users\vexer\AppData\Roaming\npm;C:\Users\vexer\AppData\Roaming\Composer\vendor\bin;C:\Users\vexer\AppData\Local\Pandoc\;C:\Users\vexer\go\bin
USERNAME=vexer
OS=Windows_NT
PROCESSOR_IDENTIFIER=Intel64 Family 6 Model 140 Stepping 1, GenuineIntel
TMP=C:\Users\vexer\AppData\Local\Temp
TEMP=C:\Users\vexer\AppData\Local\Temp




Periodic native trim disabled

---------------  S Y S T E M  ---------------

OS:
 Windows 11 , 64 bit Build 26100 (10.0.26100.8737)
OS uptime: 0 days 14:55 hours
Hyper-V role detected

CPU: total 4 (initial active 4) (2 cores per cpu, 2 threads per core) family 6 model 140 stepping 1 microcode 0x78, cx8, cmov, fxsr, ht, mmx, 3dnowpref, sse, sse2, sse3, ssse3, sse4.1, sse4.2, popcnt, lzcnt, tsc, tscinvbit, avx, avx2, aes, erms, clmul, bmi1, bmi2, adx, avx512f, avx512dq, avx512cd, avx512bw, avx512vl, sha, fma, vzeroupper, avx512_vpopcntdq, avx512_vpclmulqdq, avx512_vaes, avx512_vnni, clflush, clflushopt, clwb, avx512_vbmi2, avx512_vbmi, hv, rdtscp, rdpid, fsrm, gfni, avx512_bitalg, f16c, cet_ibt, cet_ss, avx512_ifma
Processor Information for the first 4 processors :
  Max Mhz: 2995, Current Mhz: 2995, Mhz Limit: 2995

Memory: 4k page, system-wide physical 7935M (2216M free)
TotalPageFile size 16127M (AvailPageFile size 0M)
current process WorkingSet (physical memory assigned to process): 12M, peak: 1624M
current process commit charge ("private bytes"): 1758M, peak: 1763M

vm_info: OpenJDK 64-Bit Server VM (21.0.11+10-LTS) for windows-amd64 JRE (21.0.11+10-LTS), built on 2026-04-21T00:00:00Z by "admin" with MS VC++ 17.12 (VS2022)

END.
