#
# There is insufficient memory for the Java Runtime Environment to continue.
# Native memory allocation (malloc) failed to allocate 563040 bytes. Error detail: Chunk::new
# Possible reasons:
#   The system is out of physical RAM or swap space
#   This process is running with CompressedOops enabled, and the Java Heap may be blocking the growth of the native heap
# Possible solutions:
#   Reduce memory load on the system
#   Increase physical memory or swap space
#   Check if swap backing store is full
#   Decrease Java heap size (-Xmx/-Xms)
#   Decrease number of Java threads
#   Decrease Java thread stack sizes (-Xss)
#   Set larger code cache with -XX:ReservedCodeCacheSize=
#   JVM is running with Unscaled Compressed Oops mode in which the Java heap is
#     placed in the first 4GB address space. The Java Heap base address is the
#     maximum limit for the native heap growth. Please use -XX:HeapBaseMinAddress
#     to set the Java Heap base and to place the Java Heap above 4GB virtual address.
# This output file may be truncated or incomplete.
#
#  Out of Memory Error (arena.cpp:168), pid=15124, tid=17384
#
# JRE version: OpenJDK Runtime Environment Temurin-21.0.11+10 (21.0.11+10) (build 21.0.11+10-LTS)
# Java VM: OpenJDK 64-Bit Server VM Temurin-21.0.11+10 (21.0.11+10-LTS, mixed mode, sharing, tiered, compressed oops, compressed class ptrs, parallel gc, windows-amd64)
# No core dump will be written. Minidumps are not enabled by default on client versions of Windows
#

---------------  S U M M A R Y ------------

Command Line: --add-modules=ALL-SYSTEM --add-opens=java.base/java.util=ALL-UNNAMED --add-opens=java.base/java.lang=ALL-UNNAMED --add-opens=java.base/sun.nio.fs=ALL-UNNAMED -Declipse.application=org.eclipse.jdt.ls.core.id1 -Dosgi.bundles.defaultStartLevel=4 -Declipse.product=org.eclipse.jdt.ls.core.product -Djava.import.generatesMetadataFilesAtProjectRoot=false -DDetectVMInstallationsJob.disabled=true -Dfile.encoding=utf8 -XX:+UseParallelGC -XX:GCTimeRatio=4 -XX:AdaptiveSizePolicyWeight=90 -Dsun.zip.disableMemoryMapping=true -Xmx2G -Xms100m -Xlog:disable -javaagent:c:\Users\vexer\.vscode\extensions\redhat.java-1.55.0-win32-x64\lombok\lombok-1.18.39-4050.jar -XX:+HeapDumpOnOutOfMemoryError -XX:HeapDumpPath=c:\Users\vexer\AppData\Roaming\Code\User\workspaceStorage\232e009cab1a75a74b03c9c3a2c3f194\redhat.java -Daether.dependencyCollector.impl=bf c:\Users\vexer\.vscode\extensions\redhat.java-1.55.0-win32-x64\server\plugins\org.eclipse.equinox.launcher_1.7.200.v20260619-2039.jar -configuration c:\Users\vexer\AppData\Roaming\Code\User\globalStorage\redhat.java\1.55.0\config_win -data c:\Users\vexer\AppData\Roaming\Code\User\workspaceStorage\232e009cab1a75a74b03c9c3a2c3f194\redhat.java\jdt_ws --pipe=\\.\pipe\lsp-6a25e97467113d9698b61164cf336764-sock

Host: 11th Gen Intel(R) Core(TM) i3-1115G4 @ 3.00GHz, 4 cores, 7G,  Windows 11 , 64 bit Build 26100 (10.0.26100.8737)
Time: Tue Jun 30 01:32:16 2026 Hora est. Sudamérica Pacífico elapsed time: 12.119134 seconds (0d 0h 0m 12s)

---------------  T H R E A D  ---------------

Current thread (0x00000254237c8900):  JavaThread "C2 CompilerThread0" daemon [_thread_in_native, id=17384, stack(0x000000a4f5800000,0x000000a4f5900000) (1024K)]


Current CompileTask:
C2:12119 3924       4       java.io.DataInputStream::readUTF (501 bytes)

Stack: [0x000000a4f5800000,0x000000a4f5900000]
Native frames: (J=compiled Java code, j=interpreted, Vv=VM code, C=native code)
V  [jvm.dll+0x6d7e19]
V  [jvm.dll+0x8b5096]
V  [jvm.dll+0x8b764e]
V  [jvm.dll+0x8b7d33]
V  [jvm.dll+0x284596]
V  [jvm.dll+0xc685d]
V  [jvm.dll+0xc6da1]
V  [jvm.dll+0x3bed6b]
V  [jvm.dll+0x1e3f42]
V  [jvm.dll+0x24c853]
V  [jvm.dll+0x24bce0]
V  [jvm.dll+0x1cb4ae]
V  [jvm.dll+0x25baad]
V  [jvm.dll+0x25a03a]
V  [jvm.dll+0x3f868e]
V  [jvm.dll+0x85fb0d]
V  [jvm.dll+0x6d664d]
C  [ucrtbase.dll+0x2cd30]
C  [KERNEL32.DLL+0x2e957]
C  [ntdll.dll+0xaad6c]


---------------  P R O C E S S  ---------------

Threads class SMR info:
_java_thread_list=0x000002546ae79270, length=21, elements={
0x000002540aaa9fd0, 0x000002540ce8b430, 0x000002540ce8d880, 0x000002540ce8e4e0,
0x00000254237c01d0, 0x00000254237c2c40, 0x00000254237c56b0, 0x00000254237c8900,
0x00000254238424b0, 0x0000025465554900, 0x000002546583e5b0, 0x000002546a5e11b0,
0x000002546a5b6690, 0x000002546a79d040, 0x000002546a558330, 0x000002546a7e1890,
0x000002546a521440, 0x000002546abc0ef0, 0x000002546aa95850, 0x000002546aa944a0,
0x000002546aa94b30
}

Java Threads: ( => current thread )
  0x000002540aaa9fd0 JavaThread "main"                              [_thread_blocked, id=6936, stack(0x000000a4f4e00000,0x000000a4f4f00000) (1024K)]
  0x000002540ce8b430 JavaThread "Reference Handler"          daemon [_thread_blocked, id=15572, stack(0x000000a4f5200000,0x000000a4f5300000) (1024K)]
  0x000002540ce8d880 JavaThread "Finalizer"                  daemon [_thread_blocked, id=8668, stack(0x000000a4f5300000,0x000000a4f5400000) (1024K)]
  0x000002540ce8e4e0 JavaThread "Signal Dispatcher"          daemon [_thread_blocked, id=15568, stack(0x000000a4f5400000,0x000000a4f5500000) (1024K)]
  0x00000254237c01d0 JavaThread "Attach Listener"            daemon [_thread_blocked, id=9808, stack(0x000000a4f5500000,0x000000a4f5600000) (1024K)]
  0x00000254237c2c40 JavaThread "Service Thread"             daemon [_thread_blocked, id=13448, stack(0x000000a4f5600000,0x000000a4f5700000) (1024K)]
  0x00000254237c56b0 JavaThread "Monitor Deflation Thread"   daemon [_thread_blocked, id=16224, stack(0x000000a4f5700000,0x000000a4f5800000) (1024K)]
=>0x00000254237c8900 JavaThread "C2 CompilerThread0"         daemon [_thread_in_native, id=17384, stack(0x000000a4f5800000,0x000000a4f5900000) (1024K)]
  0x00000254238424b0 JavaThread "C1 CompilerThread0"         daemon [_thread_blocked, id=17340, stack(0x000000a4f5900000,0x000000a4f5a00000) (1024K)]
  0x0000025465554900 JavaThread "Common-Cleaner"             daemon [_thread_blocked, id=14276, stack(0x000000a4f5a00000,0x000000a4f5b00000) (1024K)]
  0x000002546583e5b0 JavaThread "Notification Thread"        daemon [_thread_blocked, id=14852, stack(0x000000a4f5b00000,0x000000a4f5c00000) (1024K)]
  0x000002546a5e11b0 JavaThread "Active Thread: Equinox Container: 8e5436b0-23b3-4643-a0aa-edffb004d1b9"        [_thread_blocked, id=14492, stack(0x000000a4f5c00000,0x000000a4f5d00000) (1024K)]
  0x000002546a5b6690 JavaThread "Refresh Thread: Equinox Container: 8e5436b0-23b3-4643-a0aa-edffb004d1b9" daemon [_thread_blocked, id=4352, stack(0x000000a4f6000000,0x000000a4f6100000) (1024K)]
  0x000002546a79d040 JavaThread "Framework Event Dispatcher: Equinox Container: 8e5436b0-23b3-4643-a0aa-edffb004d1b9" daemon [_thread_blocked, id=9468, stack(0x000000a4f6100000,0x000000a4f6200000) (1024K)]
  0x000002546a558330 JavaThread "Start Level: Equinox Container: 8e5436b0-23b3-4643-a0aa-edffb004d1b9" daemon [_thread_in_vm, id=12332, stack(0x000000a4f6200000,0x000000a4f6300000) (1024K)]
  0x000002546a7e1890 JavaThread "Bundle File Closer"         daemon [_thread_blocked, id=3548, stack(0x000000a4f6300000,0x000000a4f6400000) (1024K)]
  0x000002546a521440 JavaThread "SCR Component Actor"        daemon [_thread_blocked, id=16456, stack(0x000000a4f6400000,0x000000a4f6500000) (1024K)]
  0x000002546abc0ef0 JavaThread "Worker-JM"                         [_thread_blocked, id=16984, stack(0x000000a4f6500000,0x000000a4f6600000) (1024K)]
  0x000002546aa95850 JavaThread "JNA Cleaner"                daemon [_thread_blocked, id=16548, stack(0x000000a4f6600000,0x000000a4f6700000) (1024K)]
  0x000002546aa944a0 JavaThread "Worker-0"                          [_thread_blocked, id=9612, stack(0x000000a4f6700000,0x000000a4f6800000) (1024K)]
  0x000002546aa94b30 JavaThread "Worker-1"                          [_thread_blocked, id=1368, stack(0x000000a4f6800000,0x000000a4f6900000) (1024K)]
Total: 21

Other Threads:
  0x00000254237bf680 VMThread "VM Thread"                           [id=6160, stack(0x000000a4f5100000,0x000000a4f5200000) (1024K)]
  0x000002540ce3be00 WatcherThread "VM Periodic Task Thread"        [id=13728, stack(0x000000a4f5000000,0x000000a4f5100000) (1024K)]
  0x000002540cdeb390 WorkerThread "GC Thread#0"                     [id=8276, stack(0x000000a4f4f00000,0x000000a4f5000000) (1024K)]
  0x000002546a5e8560 WorkerThread "GC Thread#1"                     [id=16532, stack(0x000000a4f5d00000,0x000000a4f5e00000) (1024K)]
  0x000002546a31b710 WorkerThread "GC Thread#2"                     [id=5444, stack(0x000000a4f5e00000,0x000000a4f5f00000) (1024K)]
  0x000002546a31bac0 WorkerThread "GC Thread#3"                     [id=3544, stack(0x000000a4f5f00000,0x000000a4f6000000) (1024K)]
Total: 6

Threads with active compile tasks:
C2 CompilerThread0  12143 3924       4       java.io.DataInputStream::readUTF (501 bytes)
Total: 1

VM state: not at safepoint (normal execution)

VM Mutex/Monitor currently owned by a thread: None

Heap address: 0x0000000080000000, size: 2048 MB, Compressed Oops mode: 32-bit

CDS archive(s) mapped at: [0x0000025424000000-0x0000025424ba0000-0x0000025424ba0000), size 12189696, SharedBaseAddress: 0x0000025424000000, ArchiveRelocationMode: 1.
Compressed class space mapped at: 0x0000025425000000-0x0000025465000000, reserved size: 1073741824
Narrow klass base: 0x0000025424000000, Narrow klass shift: 0, Narrow klass range: 0x100000000

GC Precious Log:
 CardTable entry size: 512
 CPUs: 4 total, 4 available
 Memory: 7935M
 Large Page Support: Disabled
 NUMA Support: Disabled
 Compressed Oops: Enabled (32-bit)
 Alignments: Space 512K, Generation 512K, Heap 2M
 Heap Min Capacity: 100M
 Heap Initial Capacity: 100M
 Heap Max Capacity: 2G
 Pre-touch: Disabled
 Parallel Workers: 4

Heap:
 PSYoungGen      total 29184K, used 20022K [0x00000000d5580000, 0x00000000d7780000, 0x0000000100000000)
  eden space 24576K, 81% used [0x00000000d5580000,0x00000000d690d9f0,0x00000000d6d80000)
  from space 4608K, 0% used [0x00000000d6e00000,0x00000000d6e00000,0x00000000d7280000)
  to   space 5120K, 0% used [0x00000000d7280000,0x00000000d7280000,0x00000000d7780000)
 ParOldGen       total 68608K, used 13422K [0x0000000080000000, 0x0000000084300000, 0x00000000d5580000)
  object space 68608K, 19% used [0x0000000080000000,0x0000000080d1b8b0,0x0000000084300000)
 Metaspace       used 22426K, committed 23232K, reserved 1114112K
  class space    used 2327K, committed 2688K, reserved 1048576K

Card table byte_map: [0x000002540c770000,0x000002540cb80000] _byte_map_base: 0x000002540c370000

Marking Bits: (ParMarkBitMap*) 0x00007ff917da4460
 Begin Bits: [0x000002541f280000, 0x0000025421280000)
 End Bits:   [0x0000025421280000, 0x0000025423280000)

Polling page: 0x000002540ae60000

Metaspace:

Usage:
  Non-class:     19.63 MB used.
      Class:      2.27 MB used.
       Both:     21.90 MB used.

Virtual space:
  Non-class space:       64.00 MB reserved,      20.06 MB ( 31%) committed,  1 nodes.
      Class space:        1.00 GB reserved,       2.62 MB ( <1%) committed,  1 nodes.
             Both:        1.06 GB reserved,      22.69 MB (  2%) committed. 

Chunk freelists:
   Non-Class:  11.39 MB
       Class:  13.30 MB
        Both:  24.70 MB

MaxMetaspaceSize: unlimited
CompressedClassSpaceSize: 1.00 GB
Initial GC threshold: 21.00 MB
Current GC threshold: 35.00 MB
CDS: on
 - commit_granule_bytes: 65536.
 - commit_granule_words: 8192.
 - virtual_space_node_default_size: 8388608.
 - enlarge_chunks_in_place: 1.
 - use_allocation_guard: 0.


Internal statistics:

num_allocs_failed_limit: 3.
num_arena_births: 626.
num_arena_deaths: 14.
num_vsnodes_births: 2.
num_vsnodes_deaths: 0.
num_space_committed: 363.
num_space_uncommitted: 0.
num_chunks_returned_to_freelist: 17.
num_chunks_taken_from_freelist: 1504.
num_chunk_merges: 9.
num_chunk_splits: 952.
num_chunks_enlarged: 615.
num_inconsistent_stats: 0.

CodeHeap 'non-profiled nmethods': size=120000Kb used=1771Kb max_used=1771Kb free=118228Kb
 bounds [0x0000025417aa0000, 0x0000025417d10000, 0x000002541efd0000]
CodeHeap 'profiled nmethods': size=120000Kb used=8250Kb max_used=8250Kb free=111749Kb
 bounds [0x000002540ffd0000, 0x00000254107e0000, 0x0000025417500000]
CodeHeap 'non-nmethods': size=5760Kb used=1301Kb max_used=1334Kb free=4459Kb
 bounds [0x0000025417500000, 0x0000025417770000, 0x0000025417aa0000]
CodeCache: size=245760Kb, used=11322Kb, max_used=11355Kb, free=234436Kb
 total_blobs=4496, nmethods=3923, adapters=479, full_count=0
Compilation: enabled, stopped_count=0, restarted_count=0

Compilation events (20 events):
Event: 11.975 Thread 0x00000254238424b0 nmethod 3915 0x00000254107d4c10 code [0x00000254107d4e40, 0x00000254107d5588]
Event: 12.023 Thread 0x00000254238424b0 3916       3       java.util.concurrent.locks.LockSupport::setBlocker (12 bytes)
Event: 12.024 Thread 0x00000254238424b0 nmethod 3916 0x00000254107d5810 code [0x00000254107d59c0, 0x00000254107d5bc8]
Event: 12.026 Thread 0x00000254238424b0 3917       3       org.eclipse.core.runtime.Path::computeSegments (163 bytes)
Event: 12.027 Thread 0x00000254238424b0 nmethod 3917 0x00000254107d5c90 code [0x00000254107d5fe0, 0x00000254107d7670]
Event: 12.045 Thread 0x00000254238424b0 3918       3       org.eclipse.core.runtime.Path::canonicalize (62 bytes)
Event: 12.046 Thread 0x00000254238424b0 nmethod 3918 0x00000254107d7f10 code [0x00000254107d8160, 0x00000254107d8958]
Event: 12.050 Thread 0x00000254238424b0 3919       3       org.eclipse.core.runtime.Path::collapseSlashes (142 bytes)
Event: 12.051 Thread 0x00000254238424b0 nmethod 3919 0x00000254107d8d10 code [0x00000254107d8f60, 0x00000254107d98a8]
Event: 12.052 Thread 0x00000254238424b0 3920       3       org.eclipse.core.runtime.Path::computeFlags (143 bytes)
Event: 12.053 Thread 0x00000254238424b0 nmethod 3920 0x00000254107d9c90 code [0x00000254107d9fe0, 0x00000254107db6a0]
Event: 12.053 Thread 0x00000254238424b0 3921       3       org.eclipse.core.runtime.Path::computeHashCode (47 bytes)
Event: 12.054 Thread 0x00000254238424b0 nmethod 3921 0x00000254107dbe90 code [0x00000254107dc060, 0x00000254107dc300]
Event: 12.055 Thread 0x00000254238424b0 3922       3       org.eclipse.core.runtime.Path::computeSegmentCount (86 bytes)
Event: 12.056 Thread 0x00000254238424b0 nmethod 3922 0x00000254107dc490 code [0x00000254107dc720, 0x00000254107dd498]
Event: 12.056 Thread 0x00000254238424b0 3923       3       org.eclipse.core.runtime.Path::hashCode (28 bytes)
Event: 12.057 Thread 0x00000254238424b0 nmethod 3923 0x00000254107dda10 code [0x00000254107ddbc0, 0x00000254107ddd68]
Event: 12.057 Thread 0x00000254237c8900 3924       4       java.io.DataInputStream::readUTF (501 bytes)
Event: 12.095 Thread 0x00000254238424b0 3925       3       org.eclipse.core.runtime.Path::<init> (77 bytes)
Event: 12.096 Thread 0x00000254238424b0 nmethod 3925 0x00000254107dde10 code [0x00000254107de040, 0x00000254107de5c8]

GC Heap History (16 events):
Event: 2.128 GC heap before
{Heap before GC invocations=1 (full 0):
 PSYoungGen      total 29696K, used 25600K [0x00000000d5580000, 0x00000000d7680000, 0x0000000100000000)
  eden space 25600K, 100% used [0x00000000d5580000,0x00000000d6e80000,0x00000000d6e80000)
  from space 4096K, 0% used [0x00000000d7280000,0x00000000d7280000,0x00000000d7680000)
  to   space 4096K, 0% used [0x00000000d6e80000,0x00000000d6e80000,0x00000000d7280000)
 ParOldGen       total 68608K, used 0K [0x0000000080000000, 0x0000000084300000, 0x00000000d5580000)
  object space 68608K, 0% used [0x0000000080000000,0x0000000080000000,0x0000000084300000)
 Metaspace       used 4384K, committed 4608K, reserved 1114112K
  class space    used 475K, committed 576K, reserved 1048576K
}
Event: 2.135 GC heap after
{Heap after GC invocations=1 (full 0):
 PSYoungGen      total 29696K, used 3303K [0x00000000d5580000, 0x00000000d7680000, 0x0000000100000000)
  eden space 25600K, 0% used [0x00000000d5580000,0x00000000d5580000,0x00000000d6e80000)
  from space 4096K, 80% used [0x00000000d6e80000,0x00000000d71b9e98,0x00000000d7280000)
  to   space 4096K, 0% used [0x00000000d7280000,0x00000000d7280000,0x00000000d7680000)
 ParOldGen       total 68608K, used 8K [0x0000000080000000, 0x0000000084300000, 0x00000000d5580000)
  object space 68608K, 0% used [0x0000000080000000,0x0000000080002000,0x0000000084300000)
 Metaspace       used 4384K, committed 4608K, reserved 1114112K
  class space    used 475K, committed 576K, reserved 1048576K
}
Event: 4.574 GC heap before
{Heap before GC invocations=2 (full 0):
 PSYoungGen      total 29696K, used 28903K [0x00000000d5580000, 0x00000000d7680000, 0x0000000100000000)
  eden space 25600K, 100% used [0x00000000d5580000,0x00000000d6e80000,0x00000000d6e80000)
  from space 4096K, 80% used [0x00000000d6e80000,0x00000000d71b9e98,0x00000000d7280000)
  to   space 4096K, 0% used [0x00000000d7280000,0x00000000d7280000,0x00000000d7680000)
 ParOldGen       total 68608K, used 8K [0x0000000080000000, 0x0000000084300000, 0x00000000d5580000)
  object space 68608K, 0% used [0x0000000080000000,0x0000000080002000,0x0000000084300000)
 Metaspace       used 8037K, committed 8320K, reserved 1114112K
  class space    used 833K, committed 960K, reserved 1048576K
}
Event: 4.580 GC heap after
{Heap after GC invocations=2 (full 0):
 PSYoungGen      total 29696K, used 4070K [0x00000000d5580000, 0x00000000d7680000, 0x0000000100000000)
  eden space 25600K, 0% used [0x00000000d5580000,0x00000000d5580000,0x00000000d6e80000)
  from space 4096K, 99% used [0x00000000d7280000,0x00000000d7679800,0x00000000d7680000)
  to   space 4096K, 0% used [0x00000000d6e80000,0x00000000d6e80000,0x00000000d7280000)
 ParOldGen       total 68608K, used 2097K [0x0000000080000000, 0x0000000084300000, 0x00000000d5580000)
  object space 68608K, 3% used [0x0000000080000000,0x000000008020c6a8,0x0000000084300000)
 Metaspace       used 8037K, committed 8320K, reserved 1114112K
  class space    used 833K, committed 960K, reserved 1048576K
}
Event: 5.722 GC heap before
{Heap before GC invocations=3 (full 0):
 PSYoungGen      total 29696K, used 29634K [0x00000000d5580000, 0x00000000d7680000, 0x0000000100000000)
  eden space 25600K, 99% used [0x00000000d5580000,0x00000000d6e77278,0x00000000d6e80000)
  from space 4096K, 99% used [0x00000000d7280000,0x00000000d7679800,0x00000000d7680000)
  to   space 4096K, 0% used [0x00000000d6e80000,0x00000000d6e80000,0x00000000d7280000)
 ParOldGen       total 68608K, used 2097K [0x0000000080000000, 0x0000000084300000, 0x00000000d5580000)
  object space 68608K, 3% used [0x0000000080000000,0x000000008020c6a8,0x0000000084300000)
 Metaspace       used 9541K, committed 9856K, reserved 1114112K
  class space    used 1016K, committed 1152K, reserved 1048576K
}
Event: 5.732 GC heap after
{Heap after GC invocations=3 (full 0):
 PSYoungGen      total 29696K, used 4080K [0x00000000d5580000, 0x00000000d7680000, 0x0000000100000000)
  eden space 25600K, 0% used [0x00000000d5580000,0x00000000d5580000,0x00000000d6e80000)
  from space 4096K, 99% used [0x00000000d6e80000,0x00000000d727c058,0x00000000d7280000)
  to   space 4096K, 0% used [0x00000000d7280000,0x00000000d7280000,0x00000000d7680000)
 ParOldGen       total 68608K, used 5056K [0x0000000080000000, 0x0000000084300000, 0x00000000d5580000)
  object space 68608K, 7% used [0x0000000080000000,0x00000000804f00d0,0x0000000084300000)
 Metaspace       used 9541K, committed 9856K, reserved 1114112K
  class space    used 1016K, committed 1152K, reserved 1048576K
}
Event: 8.322 GC heap before
{Heap before GC invocations=4 (full 0):
 PSYoungGen      total 29696K, used 29680K [0x00000000d5580000, 0x00000000d7680000, 0x0000000100000000)
  eden space 25600K, 100% used [0x00000000d5580000,0x00000000d6e80000,0x00000000d6e80000)
  from space 4096K, 99% used [0x00000000d6e80000,0x00000000d727c058,0x00000000d7280000)
  to   space 4096K, 0% used [0x00000000d7280000,0x00000000d7280000,0x00000000d7680000)
 ParOldGen       total 68608K, used 5056K [0x0000000080000000, 0x0000000084300000, 0x00000000d5580000)
  object space 68608K, 7% used [0x0000000080000000,0x00000000804f00d0,0x0000000084300000)
 Metaspace       used 11657K, committed 12032K, reserved 1114112K
  class space    used 1227K, committed 1408K, reserved 1048576K
}
Event: 8.325 GC heap after
{Heap after GC invocations=4 (full 0):
 PSYoungGen      total 29696K, used 4064K [0x00000000d5580000, 0x00000000d7680000, 0x0000000100000000)
  eden space 25600K, 0% used [0x00000000d5580000,0x00000000d5580000,0x00000000d6e80000)
  from space 4096K, 99% used [0x00000000d7280000,0x00000000d7678190,0x00000000d7680000)
  to   space 4096K, 0% used [0x00000000d6e80000,0x00000000d6e80000,0x00000000d7280000)
 ParOldGen       total 68608K, used 6827K [0x0000000080000000, 0x0000000084300000, 0x00000000d5580000)
  object space 68608K, 9% used [0x0000000080000000,0x00000000806aad98,0x0000000084300000)
 Metaspace       used 11657K, committed 12032K, reserved 1114112K
  class space    used 1227K, committed 1408K, reserved 1048576K
}
Event: 9.236 GC heap before
{Heap before GC invocations=5 (full 0):
 PSYoungGen      total 29696K, used 29664K [0x00000000d5580000, 0x00000000d7680000, 0x0000000100000000)
  eden space 25600K, 100% used [0x00000000d5580000,0x00000000d6e80000,0x00000000d6e80000)
  from space 4096K, 99% used [0x00000000d7280000,0x00000000d7678190,0x00000000d7680000)
  to   space 4096K, 0% used [0x00000000d6e80000,0x00000000d6e80000,0x00000000d7280000)
 ParOldGen       total 68608K, used 6827K [0x0000000080000000, 0x0000000084300000, 0x00000000d5580000)
  object space 68608K, 9% used [0x0000000080000000,0x00000000806aad98,0x0000000084300000)
 Metaspace       used 15540K, committed 16128K, reserved 1114112K
  class space    used 1611K, committed 1856K, reserved 1048576K
}
Event: 9.240 GC heap after
{Heap after GC invocations=5 (full 0):
 PSYoungGen      total 29184K, used 4081K [0x00000000d5580000, 0x00000000d7a00000, 0x0000000100000000)
  eden space 25088K, 0% used [0x00000000d5580000,0x00000000d5580000,0x00000000d6e00000)
  from space 4096K, 99% used [0x00000000d6e80000,0x00000000d727c578,0x00000000d7280000)
  to   space 6144K, 0% used [0x00000000d7400000,0x00000000d7400000,0x00000000d7a00000)
 ParOldGen       total 68608K, used 8240K [0x0000000080000000, 0x0000000084300000, 0x00000000d5580000)
  object space 68608K, 12% used [0x0000000080000000,0x000000008080c198,0x0000000084300000)
 Metaspace       used 15540K, committed 16128K, reserved 1114112K
  class space    used 1611K, committed 1856K, reserved 1048576K
}
Event: 10.292 GC heap before
{Heap before GC invocations=6 (full 0):
 PSYoungGen      total 29184K, used 29169K [0x00000000d5580000, 0x00000000d7a00000, 0x0000000100000000)
  eden space 25088K, 100% used [0x00000000d5580000,0x00000000d6e00000,0x00000000d6e00000)
  from space 4096K, 99% used [0x00000000d6e80000,0x00000000d727c578,0x00000000d7280000)
  to   space 6144K, 0% used [0x00000000d7400000,0x00000000d7400000,0x00000000d7a00000)
 ParOldGen       total 68608K, used 8240K [0x0000000080000000, 0x0000000084300000, 0x00000000d5580000)
  object space 68608K, 12% used [0x0000000080000000,0x000000008080c198,0x0000000084300000)
 Metaspace       used 18615K, committed 19328K, reserved 1114112K
  class space    used 1957K, committed 2240K, reserved 1048576K
}
Event: 10.297 GC heap after
{Heap after GC invocations=6 (full 0):
 PSYoungGen      total 29696K, used 5119K [0x00000000d5580000, 0x00000000d7900000, 0x0000000100000000)
  eden space 24576K, 0% used [0x00000000d5580000,0x00000000d5580000,0x00000000d6d80000)
  from space 5120K, 99% used [0x00000000d7400000,0x00000000d78fff08,0x00000000d7900000)
  to   space 5632K, 0% used [0x00000000d6e00000,0x00000000d6e00000,0x00000000d7380000)
 ParOldGen       total 68608K, used 8240K [0x0000000080000000, 0x0000000084300000, 0x00000000d5580000)
  object space 68608K, 12% used [0x0000000080000000,0x000000008080c198,0x0000000084300000)
 Metaspace       used 18615K, committed 19328K, reserved 1114112K
  class space    used 1957K, committed 2240K, reserved 1048576K
}
Event: 11.203 GC heap before
{Heap before GC invocations=7 (full 0):
 PSYoungGen      total 29696K, used 26671K [0x00000000d5580000, 0x00000000d7900000, 0x0000000100000000)
  eden space 24576K, 87% used [0x00000000d5580000,0x00000000d6a8bd68,0x00000000d6d80000)
  from space 5120K, 99% used [0x00000000d7400000,0x00000000d78fff08,0x00000000d7900000)
  to   space 5632K, 0% used [0x00000000d6e00000,0x00000000d6e00000,0x00000000d7380000)
 ParOldGen       total 68608K, used 8240K [0x0000000080000000, 0x0000000084300000, 0x00000000d5580000)
  object space 68608K, 12% used [0x0000000080000000,0x000000008080c198,0x0000000084300000)
 Metaspace       used 20750K, committed 21504K, reserved 1114112K
  class space    used 2204K, committed 2560K, reserved 1048576K
}
Event: 11.210 GC heap after
{Heap after GC invocations=7 (full 0):
 PSYoungGen      total 29184K, used 4509K [0x00000000d5580000, 0x00000000d7780000, 0x0000000100000000)
  eden space 24576K, 0% used [0x00000000d5580000,0x00000000d5580000,0x00000000d6d80000)
  from space 4608K, 97% used [0x00000000d6e00000,0x00000000d7267468,0x00000000d7280000)
  to   space 5120K, 0% used [0x00000000d7280000,0x00000000d7280000,0x00000000d7780000)
 ParOldGen       total 68608K, used 9515K [0x0000000080000000, 0x0000000084300000, 0x00000000d5580000)
  object space 68608K, 13% used [0x0000000080000000,0x000000008094ae48,0x0000000084300000)
 Metaspace       used 20750K, committed 21504K, reserved 1114112K
  class space    used 2204K, committed 2560K, reserved 1048576K
}
Event: 11.210 GC heap before
{Heap before GC invocations=8 (full 1):
 PSYoungGen      total 29184K, used 4509K [0x00000000d5580000, 0x00000000d7780000, 0x0000000100000000)
  eden space 24576K, 0% used [0x00000000d5580000,0x00000000d5580000,0x00000000d6d80000)
  from space 4608K, 97% used [0x00000000d6e00000,0x00000000d7267468,0x00000000d7280000)
  to   space 5120K, 0% used [0x00000000d7280000,0x00000000d7280000,0x00000000d7780000)
 ParOldGen       total 68608K, used 9515K [0x0000000080000000, 0x0000000084300000, 0x00000000d5580000)
  object space 68608K, 13% used [0x0000000080000000,0x000000008094ae48,0x0000000084300000)
 Metaspace       used 20750K, committed 21504K, reserved 1114112K
  class space    used 2204K, committed 2560K, reserved 1048576K
}
Event: 11.263 GC heap after
{Heap after GC invocations=8 (full 1):
 PSYoungGen      total 29184K, used 0K [0x00000000d5580000, 0x00000000d7780000, 0x0000000100000000)
  eden space 24576K, 0% used [0x00000000d5580000,0x00000000d5580000,0x00000000d6d80000)
  from space 4608K, 0% used [0x00000000d6e00000,0x00000000d6e00000,0x00000000d7280000)
  to   space 5120K, 0% used [0x00000000d7280000,0x00000000d7280000,0x00000000d7780000)
 ParOldGen       total 68608K, used 13422K [0x0000000080000000, 0x0000000084300000, 0x00000000d5580000)
  object space 68608K, 19% used [0x0000000080000000,0x0000000080d1b8b0,0x0000000084300000)
 Metaspace       used 20737K, committed 21504K, reserved 1114112K
  class space    used 2200K, committed 2560K, reserved 1048576K
}

Dll operation events (10 events):
Event: 0.025 Loaded shared library c:\Users\vexer\.vscode\extensions\redhat.java-1.55.0-win32-x64\jre\21.0.11-win32-x86_64\bin\java.dll
Event: 0.190 Loaded shared library c:\Users\vexer\.vscode\extensions\redhat.java-1.55.0-win32-x64\jre\21.0.11-win32-x86_64\bin\zip.dll
Event: 0.224 Loaded shared library C:\Users\vexer\.vscode\extensions\redhat.java-1.55.0-win32-x64\jre\21.0.11-win32-x86_64\bin\instrument.dll
Event: 0.229 Loaded shared library C:\Users\vexer\.vscode\extensions\redhat.java-1.55.0-win32-x64\jre\21.0.11-win32-x86_64\bin\net.dll
Event: 0.232 Loaded shared library C:\Users\vexer\.vscode\extensions\redhat.java-1.55.0-win32-x64\jre\21.0.11-win32-x86_64\bin\nio.dll
Event: 0.236 Loaded shared library C:\Users\vexer\.vscode\extensions\redhat.java-1.55.0-win32-x64\jre\21.0.11-win32-x86_64\bin\zip.dll
Event: 0.357 Loaded shared library C:\Users\vexer\.vscode\extensions\redhat.java-1.55.0-win32-x64\jre\21.0.11-win32-x86_64\bin\jimage.dll
Event: 0.647 Loaded shared library c:\Users\vexer\.vscode\extensions\redhat.java-1.55.0-win32-x64\jre\21.0.11-win32-x86_64\bin\verify.dll
Event: 4.608 Loaded shared library C:\Users\vexer\AppData\Roaming\Code\User\globalStorage\redhat.java\1.55.0\config_win\org.eclipse.equinox.launcher\org.eclipse.equinox.launcher.win32.win32.x86_64_1.3.100.v20260613-0559\eclipse_11924.dll
Event: 9.800 Loaded shared library C:\Users\vexer\AppData\Local\Temp\jna-112102934\jna11436513522142258450.dll

Deoptimization events (20 events):
Event: 11.104 Thread 0x000002546a558330 DEOPT PACKING pc=0x0000025417c47c90 sp=0x000000a4f62f1d70
Event: 11.104 Thread 0x000002546a558330 DEOPT UNPACKING pc=0x0000025417556da2 sp=0x000000a4f62f1cd8 mode 2
Event: 11.350 Thread 0x000002546a558330 Uncommon trap: trap_request=0xffffff45 fr.pc=0x0000025417bf31d4 relative=0x0000000000000b94
Event: 11.350 Thread 0x000002546a558330 Uncommon trap: reason=unstable_if action=reinterpret pc=0x0000025417bf31d4 method=jdk.internal.org.objectweb.asm.Frame.execute(IILjdk/internal/org/objectweb/asm/Symbol;Ljdk/internal/org/objectweb/asm/SymbolTable;)V @ 1 c2
Event: 11.350 Thread 0x000002546a558330 DEOPT PACKING pc=0x0000025417bf31d4 sp=0x000000a4f62f8000
Event: 11.350 Thread 0x000002546a558330 DEOPT UNPACKING pc=0x0000025417556da2 sp=0x000000a4f62f7f88 mode 2
Event: 11.433 Thread 0x000002546a558330 Uncommon trap: trap_request=0xffffff45 fr.pc=0x0000025417c52dc0 relative=0x0000000000000100
Event: 11.433 Thread 0x000002546a558330 Uncommon trap: reason=unstable_if action=reinterpret pc=0x0000025417c52dc0 method=org.lombokweb.asm.ClassReader.readUTF8(I[C)Ljava/lang/String; @ 11 c2
Event: 11.433 Thread 0x000002546a558330 DEOPT PACKING pc=0x0000025417c52dc0 sp=0x000000a4f62f3b00
Event: 11.433 Thread 0x000002546a558330 DEOPT UNPACKING pc=0x0000025417556da2 sp=0x000000a4f62f3aa8 mode 2
Event: 11.978 Thread 0x000002546a558330 DEOPT PACKING pc=0x00000254105ecdbe sp=0x000000a4f62f9390
Event: 11.978 Thread 0x000002546a558330 DEOPT UNPACKING pc=0x00000254175578e2 sp=0x000000a4f62f88d0 mode 0
Event: 11.978 Thread 0x000002546a558330 DEOPT PACKING pc=0x00000254105ecdbe sp=0x000000a4f62f9390
Event: 11.978 Thread 0x000002546a558330 DEOPT UNPACKING pc=0x00000254175578e2 sp=0x000000a4f62f88d0 mode 0
Event: 12.050 Thread 0x000002546a558330 DEOPT PACKING pc=0x00000254105ecdbe sp=0x000000a4f62f9390
Event: 12.050 Thread 0x000002546a558330 DEOPT UNPACKING pc=0x00000254175578e2 sp=0x000000a4f62f88d0 mode 0
Event: 12.055 Thread 0x000002546a558330 DEOPT PACKING pc=0x00000254105ecdbe sp=0x000000a4f62f9390
Event: 12.055 Thread 0x000002546a558330 DEOPT UNPACKING pc=0x00000254175578e2 sp=0x000000a4f62f88d0 mode 0
Event: 12.070 Thread 0x000002546a558330 DEOPT PACKING pc=0x00000254105ecdbe sp=0x000000a4f62f9390
Event: 12.093 Thread 0x000002546a558330 DEOPT UNPACKING pc=0x00000254175578e2 sp=0x000000a4f62f88d0 mode 0

Classes loaded (20 events):
Event: 11.392 Loading class java/util/zip/GZIPInputStream
Event: 11.394 Loading class java/util/zip/GZIPInputStream done
Event: 11.452 Loading class java/io/StringReader
Event: 11.452 Loading class java/io/StringReader done
Event: 11.461 Loading class java/net/SocketTimeoutException
Event: 11.461 Loading class java/io/InterruptedIOException
Event: 11.461 Loading class java/io/InterruptedIOException done
Event: 11.461 Loading class java/net/SocketTimeoutException done
Event: 11.461 Loading class java/net/SocketException
Event: 11.461 Loading class java/net/SocketException done
Event: 11.461 Loading class java/net/UnknownHostException
Event: 11.461 Loading class java/net/UnknownHostException done
Event: 11.461 Loading class java/net/ProtocolException
Event: 11.461 Loading class java/net/ProtocolException done
Event: 11.510 Loading class java/lang/ThreadLocal$SuppliedThreadLocal
Event: 11.510 Loading class java/lang/ThreadLocal$SuppliedThreadLocal done
Event: 11.540 Loading class java/lang/NegativeArraySizeException
Event: 11.540 Loading class java/lang/NegativeArraySizeException done
Event: 11.540 Loading class java/io/FileWriter
Event: 11.541 Loading class java/io/FileWriter done

Classes unloaded (7 events):
Event: 11.221 Thread 0x00000254237bf680 Unloading class 0x00000254251a9400 'java/lang/invoke/LambdaForm$MH+0x00000254251a9400'
Event: 11.221 Thread 0x00000254237bf680 Unloading class 0x00000254251a9000 'java/lang/invoke/LambdaForm$MH+0x00000254251a9000'
Event: 11.221 Thread 0x00000254237bf680 Unloading class 0x00000254251a8c00 'java/lang/invoke/LambdaForm$MH+0x00000254251a8c00'
Event: 11.221 Thread 0x00000254237bf680 Unloading class 0x00000254251a8800 'java/lang/invoke/LambdaForm$MH+0x00000254251a8800'
Event: 11.221 Thread 0x00000254237bf680 Unloading class 0x00000254251a8400 'java/lang/invoke/LambdaForm$BMH+0x00000254251a8400'
Event: 11.221 Thread 0x00000254237bf680 Unloading class 0x00000254251a8000 'java/lang/invoke/LambdaForm$DMH+0x00000254251a8000'
Event: 11.221 Thread 0x00000254237bf680 Unloading class 0x00000254251a6c00 'java/lang/invoke/LambdaForm$DMH+0x00000254251a6c00'

Classes redefined (0 events):
No events

Internal exceptions (20 events):
Event: 9.850 Thread 0x000002546a558330 Exception <a 'java/lang/NoSuchMethodError'{0x00000000d5e31770}: 'void java.lang.invoke.Invokers$Holder.invokeExact_MT(java.lang.Object, java.lang.Object, int, java.lang.Object)'> (0x00000000d5e31770) 
thrown [s\src\hotspot\share\interpreter\linkResolver.cpp, line 773]
Event: 9.888 Thread 0x000002546a558330 Exception <a 'java/lang/NoSuchMethodError'{0x00000000d5f3bba8}: 'java.lang.Object java.lang.invoke.DirectMethodHandle$Holder.invokeSpecial(java.lang.Object, java.lang.Object, java.lang.Object, long, java.lang.Object)'> (0x00000000d5f3bba8) 
thrown [s\src\hotspot\share\interpreter\linkResolver.cpp, line 773]
Event: 9.889 Thread 0x000002546a558330 Exception <a 'java/lang/NoSuchMethodError'{0x00000000d5f433f0}: 'java.lang.Object java.lang.invoke.DirectMethodHandle$Holder.newInvokeSpecial(java.lang.Object, java.lang.Object, java.lang.Object, long)'> (0x00000000d5f433f0) 
thrown [s\src\hotspot\share\interpreter\linkResolver.cpp, line 773]
Event: 9.889 Thread 0x000002546a558330 Exception <a 'java/lang/NoSuchMethodError'{0x00000000d5f477a0}: 'java.lang.Object java.lang.invoke.DirectMethodHandle$Holder.invokeSpecial(java.lang.Object, java.lang.Object, java.lang.Object, java.lang.Object, long)'> (0x00000000d5f477a0) 
thrown [s\src\hotspot\share\interpreter\linkResolver.cpp, line 773]
Event: 9.890 Thread 0x000002546a558330 Exception <a 'java/lang/NoSuchMethodError'{0x00000000d5f4b3c0}: 'java.lang.Object java.lang.invoke.Invokers$Holder.linkToTargetMethod(java.lang.Object, java.lang.Object, long, java.lang.Object)'> (0x00000000d5f4b3c0) 
thrown [s\src\hotspot\share\interpreter\linkResolver.cpp, line 773]
Event: 9.906 Thread 0x000002546a558330 Exception <a 'java/lang/NoSuchMethodError'{0x00000000d5fac630}: 'int java.lang.invoke.DirectMethodHandle$Holder.invokeStaticInit(java.lang.Object, java.lang.Object, java.lang.Object)'> (0x00000000d5fac630) 
thrown [s\src\hotspot\share\interpreter\linkResolver.cpp, line 773]
Event: 9.918 Thread 0x000002546a558330 Exception <a 'java/lang/IncompatibleClassChangeError'{0x00000000d6073f38}: Found class java.lang.Object, but interface was expected> (0x00000000d6073f38) 
thrown [s\src\hotspot\share\interpreter\linkResolver.cpp, line 840]
Event: 9.921 Thread 0x000002546a558330 Exception <a 'java/lang/NoSuchMethodError'{0x00000000d6083c98}: 'java.lang.Object java.lang.invoke.DirectMethodHandle$Holder.invokeSpecial(java.lang.Object, java.lang.Object, java.lang.Object, int, java.lang.Object, java.lang.Object)'> (0x00000000d6083c98) 
thrown [s\src\hotspot\share\interpreter\linkResolver.cpp, line 773]
Event: 9.922 Thread 0x000002546a558330 Exception <a 'java/lang/NoSuchMethodError'{0x00000000d608b6b0}: 'java.lang.Object java.lang.invoke.DirectMethodHandle$Holder.newInvokeSpecial(java.lang.Object, java.lang.Object, java.lang.Object, int, java.lang.Object)'> (0x00000000d608b6b0) 
thrown [s\src\hotspot\share\interpreter\linkResolver.cpp, line 773]
Event: 9.922 Thread 0x000002546a558330 Exception <a 'java/lang/NoSuchMethodError'{0x00000000d608f630}: 'java.lang.Object java.lang.invoke.DirectMethodHandle$Holder.invokeSpecial(java.lang.Object, java.lang.Object, java.lang.Object, java.lang.Object, int, java.lang.Object)'> (0x00000000d608f630) 
thrown [s\src\hotspot\share\interpreter\linkResolver.cpp, line 773]
Event: 9.923 Thread 0x000002546a558330 Exception <a 'java/lang/NoSuchMethodError'{0x00000000d6093170}: 'java.lang.Object java.lang.invoke.Invokers$Holder.linkToTargetMethod(java.lang.Object, java.lang.Object, int, java.lang.Object, java.lang.Object)'> (0x00000000d6093170) 
thrown [s\src\hotspot\share\interpreter\linkResolver.cpp, line 773]
Event: 9.923 Thread 0x000002546aa944a0 Exception <a 'java/lang/NoSuchMethodError'{0x00000000d5fbb5c8}: 'java.lang.Object java.lang.invoke.DirectMethodHandle$Holder.invokeSpecial(java.lang.Object, java.lang.Object, int, java.lang.Object, java.lang.Object)'> (0x00000000d5fbb5c8) 
thrown [s\src\hotspot\share\interpreter\linkResolver.cpp, line 773]
Event: 9.943 Thread 0x000002546a558330 Exception <a 'java/lang/NoSuchMethodError'{0x00000000d61a2088}: 'void java.lang.invoke.DirectMethodHandle$Holder.invokeSpecial(java.lang.Object, java.lang.Object, java.lang.Object, java.lang.Object, java.lang.Object)'> (0x00000000d61a2088) 
thrown [s\src\hotspot\share\interpreter\linkResolver.cpp, line 773]
Event: 10.198 Thread 0x000002546a558330 Exception <a 'java/lang/NoSuchMethodError'{0x00000000d6957e10}: 'java.lang.Object java.lang.invoke.DirectMethodHandle$Holder.invokeInterface(java.lang.Object, java.lang.Object, java.lang.Object)'> (0x00000000d6957e10) 
thrown [s\src\hotspot\share\interpreter\linkResolver.cpp, line 773]
Event: 10.305 Thread 0x000002546a558330 Exception <a 'java/lang/NoSuchMethodError'{0x00000000d5628660}: 'java.lang.Object java.lang.invoke.Invokers$Holder.linkToTargetMethod(java.lang.Object, long, java.lang.Object, java.lang.Object)'> (0x00000000d5628660) 
thrown [s\src\hotspot\share\interpreter\linkResolver.cpp, line 773]
Event: 10.515 Thread 0x000002546a558330 Exception <a 'java/io/FileNotFoundException'{0x00000000d5e007a8}> (0x00000000d5e007a8) 
thrown [s\src\hotspot\share\prims\jni.cpp, line 520]
Event: 10.516 Thread 0x000002546a558330 Exception <a 'java/lang/NoSuchMethodError'{0x00000000d5e08d98}: 'java.lang.Object java.lang.invoke.DirectMethodHandle$Holder.newInvokeSpecial(java.lang.Object, int, java.lang.Object, java.lang.Object)'> (0x00000000d5e08d98) 
thrown [s\src\hotspot\share\interpreter\linkResolver.cpp, line 773]
Event: 10.674 Thread 0x000002546a558330 Exception <a 'java/lang/NoSuchMethodError'{0x00000000d669ae68}: 'long java.lang.invoke.Invokers$Holder.invokeExact_MT(java.lang.Object, java.lang.Object)'> (0x00000000d669ae68) 
thrown [s\src\hotspot\share\interpreter\linkResolver.cpp, line 773]
Event: 11.349 Thread 0x000002546a558330 Exception <a 'java/lang/NoSuchMethodError'{0x00000000d57ed168}: 'double java.lang.invoke.DirectMethodHandle$Holder.invokeStatic(java.lang.Object, java.lang.Object)'> (0x00000000d57ed168) 
thrown [s\src\hotspot\share\interpreter\linkResolver.cpp, line 773]
Event: 11.351 Thread 0x000002546a558330 Exception <a 'java/lang/NoSuchMethodError'{0x00000000d57f54a0}: 'double java.lang.invoke.DirectMethodHandle$Holder.invokeStaticInit(java.lang.Object, java.lang.Object)'> (0x00000000d57f54a0) 
thrown [s\src\hotspot\share\interpreter\linkResolver.cpp, line 773]

ZGC Phase Switch (0 events):
No events

VM Operations (20 events):
Event: 9.236 Executing safepoint VM operation: ParallelGCFailedAllocation (Allocation Failure)
Event: 9.240 Executing safepoint VM operation: ParallelGCFailedAllocation (Allocation Failure) done
Event: 9.372 Executing non-safepoint VM operation: HandshakeAllThreads (Deoptimize)
Event: 9.372 Executing non-safepoint VM operation: HandshakeAllThreads (Deoptimize) done
Event: 9.810 Executing non-safepoint VM operation: HandshakeAllThreads (Deoptimize)
Event: 9.810 Executing non-safepoint VM operation: HandshakeAllThreads (Deoptimize) done
Event: 9.842 Executing non-safepoint VM operation: HandshakeAllThreads (Deoptimize)
Event: 9.842 Executing non-safepoint VM operation: HandshakeAllThreads (Deoptimize) done
Event: 10.067 Executing non-safepoint VM operation: HandshakeAllThreads (Deoptimize)
Event: 10.067 Executing non-safepoint VM operation: HandshakeAllThreads (Deoptimize) done
Event: 10.145 Executing non-safepoint VM operation: HandshakeAllThreads (Deoptimize)
Event: 10.145 Executing non-safepoint VM operation: HandshakeAllThreads (Deoptimize) done
Event: 10.155 Executing non-safepoint VM operation: HandshakeAllThreads (Deoptimize)
Event: 10.155 Executing non-safepoint VM operation: HandshakeAllThreads (Deoptimize) done
Event: 10.219 Executing safepoint VM operation: ICBufferFull
Event: 10.219 Executing safepoint VM operation: ICBufferFull done
Event: 10.292 Executing safepoint VM operation: ParallelGCFailedAllocation (Allocation Failure)
Event: 10.297 Executing safepoint VM operation: ParallelGCFailedAllocation (Allocation Failure) done
Event: 11.203 Executing safepoint VM operation: CollectForMetadataAllocation (Metadata GC Threshold)
Event: 11.263 Executing safepoint VM operation: CollectForMetadataAllocation (Metadata GC Threshold) done

Memory protections (0 events):
No events

Nmethod flushes (0 events):
No events

Events (20 events):
Event: 3.064 Thread 0x00000254238424b0 Thread added: 0x000002546a25d280
Event: 3.374 Thread 0x000002546a25d280 Thread exited: 0x000002546a25d280
Event: 3.609 Thread 0x00000254237c8900 Thread added: 0x000002546a85d890
Event: 3.800 Thread 0x000002546a85d890 Thread exited: 0x000002546a85d890
Event: 3.973 Thread 0x000002540aaa9fd0 Thread added: 0x000002546a5e11b0
Event: 4.325 Thread 0x00000254238424b0 Thread added: 0x000002546a74ff60
Event: 4.461 Thread 0x000002546a74ff60 Thread exited: 0x000002546a74ff60
Event: 4.591 Thread 0x000002540aaa9fd0 Thread added: 0x000002546a5b6690
Event: 4.711 Thread 0x000002546a5b6690 Thread added: 0x000002546a79d040
Event: 4.718 Thread 0x000002540aaa9fd0 Thread added: 0x000002546a558330
Event: 5.330 Thread 0x00000254238424b0 Thread added: 0x000002546a7e1890
Event: 5.860 Thread 0x000002546a7e1890 Thread exited: 0x000002546a7e1890
Event: 5.960 Thread 0x000002546a558330 Thread added: 0x000002546a7e1890
Event: 8.191 Thread 0x000002546a558330 Thread added: 0x000002546a521440
Event: 8.405 Thread 0x00000254238424b0 Thread added: 0x000002546a664010
Event: 8.802 Thread 0x000002546a664010 Thread exited: 0x000002546a664010
Event: 9.019 Thread 0x000002546a558330 Thread added: 0x000002546abc0ef0
Event: 9.834 Thread 0x000002546a558330 Thread added: 0x000002546aa95850
Event: 9.894 Thread 0x000002546a558330 Thread added: 0x000002546aa944a0
Event: 9.924 Thread 0x000002546a558330 Thread added: 0x000002546aa94b30


Dynamic libraries:
0x00007ff760910000 - 0x00007ff76091e000 	c:\Users\vexer\.vscode\extensions\redhat.java-1.55.0-win32-x64\jre\21.0.11-win32-x86_64\bin\java.exe
0x00007ff9a3280000 - 0x00007ff9a34e6000 	C:\WINDOWS\SYSTEM32\ntdll.dll
0x00007ff9a2210000 - 0x00007ff9a22d9000 	C:\WINDOWS\System32\KERNEL32.DLL
0x00007ff9a0950000 - 0x00007ff9a0d50000 	C:\WINDOWS\System32\KERNELBASE.dll
0x00007ff9a0d60000 - 0x00007ff9a0eac000 	C:\WINDOWS\System32\ucrtbase.dll
0x00007ff98e4b0000 - 0x00007ff98e4c8000 	c:\Users\vexer\.vscode\extensions\redhat.java-1.55.0-win32-x64\jre\21.0.11-win32-x86_64\bin\jli.dll
0x00007ff9a14f0000 - 0x00007ff9a16b7000 	C:\WINDOWS\System32\USER32.dll
0x00007ff9a0f80000 - 0x00007ff9a0fa7000 	C:\WINDOWS\System32\win32u.dll
0x00007ff9a2570000 - 0x00007ff9a259b000 	C:\WINDOWS\System32\GDI32.dll
0x00007ff9a06b0000 - 0x00007ff9a07d9000 	C:\WINDOWS\System32\gdi32full.dll
0x00007ff9a08a0000 - 0x00007ff9a0943000 	C:\WINDOWS\System32\msvcp_win.dll
0x00007ff98e3e0000 - 0x00007ff98e3fe000 	c:\Users\vexer\.vscode\extensions\redhat.java-1.55.0-win32-x64\jre\21.0.11-win32-x86_64\bin\VCRUNTIME140.dll
0x00007ff98b8b0000 - 0x00007ff98bb42000 	C:\WINDOWS\WinSxS\amd64_microsoft.windows.common-controls_6595b64144ccf1df_6.0.26100.8737_none_3e092eaee333b772\COMCTL32.dll
0x00007ff9a2060000 - 0x00007ff9a2109000 	C:\WINDOWS\System32\msvcrt.dll
0x00007ff9a24c0000 - 0x00007ff9a24f2000 	C:\WINDOWS\System32\IMM32.DLL
0x00007ff98e930000 - 0x00007ff98e93c000 	c:\Users\vexer\.vscode\extensions\redhat.java-1.55.0-win32-x64\jre\21.0.11-win32-x86_64\bin\vcruntime140_1.dll
0x00007ff98b480000 - 0x00007ff98b50d000 	c:\Users\vexer\.vscode\extensions\redhat.java-1.55.0-win32-x64\jre\21.0.11-win32-x86_64\bin\msvcp140.dll
0x00007ff9170e0000 - 0x00007ff917e82000 	c:\Users\vexer\.vscode\extensions\redhat.java-1.55.0-win32-x64\jre\21.0.11-win32-x86_64\bin\server\jvm.dll
0x00007ff9a2660000 - 0x00007ff9a2717000 	C:\WINDOWS\System32\ADVAPI32.dll
0x00007ff9a1440000 - 0x00007ff9a14ea000 	C:\WINDOWS\System32\sechost.dll
0x00007ff9a2720000 - 0x00007ff9a2838000 	C:\WINDOWS\System32\RPCRT4.dll
0x00007ff9a1f40000 - 0x00007ff9a1fc0000 	C:\WINDOWS\System32\WS2_32.dll
0x00007ff9a0300000 - 0x00007ff9a035e000 	C:\WINDOWS\SYSTEM32\POWRPROF.dll
0x00007ff9874f0000 - 0x00007ff987526000 	C:\WINDOWS\SYSTEM32\WINMM.dll
0x00007ff98bba0000 - 0x00007ff98bbab000 	C:\WINDOWS\SYSTEM32\VERSION.dll
0x00007ff9a02e0000 - 0x00007ff9a02f4000 	C:\WINDOWS\SYSTEM32\UMPDC.dll
0x00007ff99f150000 - 0x00007ff99f16b000 	C:\WINDOWS\SYSTEM32\kernel.appcore.dll
0x00007ff98e510000 - 0x00007ff98e51a000 	c:\Users\vexer\.vscode\extensions\redhat.java-1.55.0-win32-x64\jre\21.0.11-win32-x86_64\bin\jimage.dll
0x00007ff99da00000 - 0x00007ff99dc42000 	C:\WINDOWS\SYSTEM32\DBGHELP.DLL
0x00007ff9a0fb0000 - 0x00007ff9a1333000 	C:\WINDOWS\System32\combase.dll
0x00007ff9a2b60000 - 0x00007ff9a2c39000 	C:\WINDOWS\System32\OLEAUT32.dll
0x00007ff985aa0000 - 0x00007ff985adb000 	C:\WINDOWS\SYSTEM32\dbgcore.DLL
0x00007ff9a0ec0000 - 0x00007ff9a0f6c000 	C:\WINDOWS\System32\bcryptPrimitives.dll
0x00007ff98b470000 - 0x00007ff98b47f000 	c:\Users\vexer\.vscode\extensions\redhat.java-1.55.0-win32-x64\jre\21.0.11-win32-x86_64\bin\instrument.dll
0x00007ff98e1e0000 - 0x00007ff98e200000 	c:\Users\vexer\.vscode\extensions\redhat.java-1.55.0-win32-x64\jre\21.0.11-win32-x86_64\bin\java.dll
0x00007ff9a16e0000 - 0x00007ff9a1e72000 	C:\WINDOWS\System32\SHELL32.dll
0x00007ff99df00000 - 0x00007ff99e792000 	C:\WINDOWS\SYSTEM32\windows.storage.dll
0x00007ff9a2110000 - 0x00007ff9a2207000 	C:\WINDOWS\System32\SHCORE.dll
0x00007ff9a2500000 - 0x00007ff9a2567000 	C:\WINDOWS\System32\shlwapi.dll
0x00007ff9a03c0000 - 0x00007ff9a03e9000 	C:\WINDOWS\SYSTEM32\profapi.dll
0x00007ff98d020000 - 0x00007ff98d038000 	c:\Users\vexer\.vscode\extensions\redhat.java-1.55.0-win32-x64\jre\21.0.11-win32-x86_64\bin\zip.dll
0x00007ff98e4a0000 - 0x00007ff98e4b0000 	C:\Users\vexer\.vscode\extensions\redhat.java-1.55.0-win32-x64\jre\21.0.11-win32-x86_64\bin\net.dll
0x00007ff98ef40000 - 0x00007ff98f069000 	C:\WINDOWS\SYSTEM32\WINHTTP.dll
0x00007ff99f6f0000 - 0x00007ff99f75c000 	C:\WINDOWS\system32\mswsock.dll
0x00007ff98d000000 - 0x00007ff98d016000 	C:\Users\vexer\.vscode\extensions\redhat.java-1.55.0-win32-x64\jre\21.0.11-win32-x86_64\bin\nio.dll
0x00007ff98b3d0000 - 0x00007ff98b3e0000 	c:\Users\vexer\.vscode\extensions\redhat.java-1.55.0-win32-x64\jre\21.0.11-win32-x86_64\bin\verify.dll
0x00007ff931490000 - 0x00007ff9314d5000 	C:\Users\vexer\AppData\Roaming\Code\User\globalStorage\redhat.java\1.55.0\config_win\org.eclipse.equinox.launcher\org.eclipse.equinox.launcher.win32.win32.x86_64_1.3.100.v20260613-0559\eclipse_11924.dll
0x00007ff9a29c0000 - 0x00007ff9a2b59000 	C:\WINDOWS\System32\ole32.dll
0x00007ff99fa50000 - 0x00007ff99fa6b000 	C:\WINDOWS\SYSTEM32\CRYPTSP.dll
0x00007ff99f0a0000 - 0x00007ff99f0d9000 	C:\WINDOWS\system32\rsaenh.dll
0x00007ff99f7d0000 - 0x00007ff99f802000 	C:\WINDOWS\SYSTEM32\USERENV.dll
0x00007ff9a0390000 - 0x00007ff9a03ba000 	C:\WINDOWS\SYSTEM32\bcrypt.dll
0x00007ff99fa30000 - 0x00007ff99fa3c000 	C:\WINDOWS\SYSTEM32\CRYPTBASE.dll
0x00007ff99eaf0000 - 0x00007ff99eb23000 	C:\WINDOWS\SYSTEM32\IPHLPAPI.DLL
0x00007ff9a1f30000 - 0x00007ff9a1f3a000 	C:\WINDOWS\System32\NSI.dll
0x00007ff931440000 - 0x00007ff931489000 	C:\Users\vexer\AppData\Local\Temp\jna-112102934\jna11436513522142258450.dll
0x00007ff9a2840000 - 0x00007ff9a2848000 	C:\WINDOWS\System32\PSAPI.DLL

JVMTI agents:
c:\Users\vexer\.vscode\extensions\redhat.java-1.55.0-win32-x64\lombok\lombok-1.18.39-4050.jar path:c:\Users\vexer\.vscode\extensions\redhat.java-1.55.0-win32-x64\jre\21.0.11-win32-x86_64\bin\instrument.dll, loaded, initialized, instrumentlib options:none

dbghelp: loaded successfully - version: 4.0.5 - missing functions: none
symbol engine: initialized successfully - sym options: 0x614 - pdb path: .;c:\Users\vexer\.vscode\extensions\redhat.java-1.55.0-win32-x64\jre\21.0.11-win32-x86_64\bin;C:\WINDOWS\SYSTEM32;C:\WINDOWS\WinSxS\amd64_microsoft.windows.common-controls_6595b64144ccf1df_6.0.26100.8737_none_3e092eaee333b772;c:\Users\vexer\.vscode\extensions\redhat.java-1.55.0-win32-x64\jre\21.0.11-win32-x86_64\bin\server;C:\Users\vexer\AppData\Roaming\Code\User\globalStorage\redhat.java\1.55.0\config_win\org.eclipse.equinox.launcher\org.eclipse.equinox.launcher.win32.win32.x86_64_1.3.100.v20260613-0559;C:\Users\vexer\AppData\Local\Temp\jna-112102934

VM Arguments:
jvm_args: --add-modules=ALL-SYSTEM --add-opens=java.base/java.util=ALL-UNNAMED --add-opens=java.base/java.lang=ALL-UNNAMED --add-opens=java.base/sun.nio.fs=ALL-UNNAMED -Declipse.application=org.eclipse.jdt.ls.core.id1 -Dosgi.bundles.defaultStartLevel=4 -Declipse.product=org.eclipse.jdt.ls.core.product -Djava.import.generatesMetadataFilesAtProjectRoot=false -DDetectVMInstallationsJob.disabled=true -Dfile.encoding=utf8 -XX:+UseParallelGC -XX:GCTimeRatio=4 -XX:AdaptiveSizePolicyWeight=90 -Dsun.zip.disableMemoryMapping=true -Xmx2G -Xms100m -Xlog:disable -javaagent:c:\Users\vexer\.vscode\extensions\redhat.java-1.55.0-win32-x64\lombok\lombok-1.18.39-4050.jar -XX:+HeapDumpOnOutOfMemoryError -XX:HeapDumpPath=c:\Users\vexer\AppData\Roaming\Code\User\workspaceStorage\232e009cab1a75a74b03c9c3a2c3f194\redhat.java -Daether.dependencyCollector.impl=bf 
java_command: c:\Users\vexer\.vscode\extensions\redhat.java-1.55.0-win32-x64\server\plugins\org.eclipse.equinox.launcher_1.7.200.v20260619-2039.jar -configuration c:\Users\vexer\AppData\Roaming\Code\User\globalStorage\redhat.java\1.55.0\config_win -data c:\Users\vexer\AppData\Roaming\Code\User\workspaceStorage\232e009cab1a75a74b03c9c3a2c3f194\redhat.java\jdt_ws --pipe=\\.\pipe\lsp-6a25e97467113d9698b61164cf336764-sock
java_class_path (initial): c:\Users\vexer\.vscode\extensions\redhat.java-1.55.0-win32-x64\server\plugins\org.eclipse.equinox.launcher_1.7.200.v20260619-2039.jar
Launcher Type: SUN_STANDARD

[Global flags]
    uintx AdaptiveSizePolicyWeight                 = 90                                        {product} {command line}
     intx CICompilerCount                          = 3                                         {product} {ergonomic}
    uintx GCTimeRatio                              = 4                                         {product} {command line}
     bool HeapDumpOnOutOfMemoryError               = true                                   {manageable} {command line}
    ccstr HeapDumpPath                             = c:\Users\vexer\AppData\Roaming\Code\User\workspaceStorage\232e009cab1a75a74b03c9c3a2c3f194\redhat.java         {manageable} {command line}
   size_t InitialHeapSize                          = 104857600                                 {product} {command line}
   size_t MaxHeapSize                              = 2147483648                                {product} {command line}
   size_t MaxNewSize                               = 715653120                                 {product} {ergonomic}
   size_t MinHeapDeltaBytes                        = 524288                                    {product} {ergonomic}
   size_t MinHeapSize                              = 104857600                                 {product} {command line}
   size_t NewSize                                  = 34603008                                  {product} {ergonomic}
    uintx NonNMethodCodeHeapSize                   = 5832780                                {pd product} {ergonomic}
    uintx NonProfiledCodeHeapSize                  = 122912730                              {pd product} {ergonomic}
   size_t OldSize                                  = 70254592                                  {product} {ergonomic}
    uintx ProfiledCodeHeapSize                     = 122912730                              {pd product} {ergonomic}
    uintx ReservedCodeCacheSize                    = 251658240                              {pd product} {ergonomic}
     bool SegmentedCodeCache                       = true                                      {product} {ergonomic}
   size_t SoftMaxHeapSize                          = 2147483648                             {manageable} {ergonomic}
     bool UseCompressedOops                        = true                           {product lp64_product} {ergonomic}
     bool UseLargePagesIndividualAllocation        = false                                  {pd product} {ergonomic}
     bool UseParallelGC                            = true                                      {product} {command line}

Logging:
Log output configuration:
 #0: stdout all=off uptime,level,tags foldmultilines=false
 #1: stderr all=off uptime,level,tags foldmultilines=false

Release file:
JAVA_VERSION="21.0.11" 
MODULES="java.base java.compiler java.datatransfer java.xml java.prefs java.desktop java.instrument java.logging java.management java.security.sasl java.naming java.rmi java.management.rmi java.net.http java.scripting java.security.jgss java.transaction.xa java.sql java.sql.rowset java.xml.crypto java.se java.smartcardio jdk.accessibility jdk.internal.jvmstat jdk.attach jdk.charsets jdk.internal.opt jdk.zipfs jdk.compiler jdk.crypto.ec jdk.crypto.cryptoki jdk.crypto.mscapi jdk.dynalink jdk.internal.ed jdk.editpad jdk.hotspot.agent jdk.httpserver jdk.internal.le jdk.internal.vm.ci jdk.internal.vm.compiler jdk.internal.vm.compiler.management jdk.jartool jdk.javadoc jdk.jcmd jdk.management jdk.management.agent jdk.jconsole jdk.jdeps jdk.jdwp.agent jdk.jdi jdk.jfr jdk.jshell jdk.jsobject jdk.jstatd jdk.localedata jdk.management.jfr jdk.naming.dns jdk.naming.rmi jdk.net jdk.nio.mapmode jdk.random jdk.sctp jdk.security.auth jdk.security.jgss jdk.unsupported jdk.unsupported.desktop jdk.xml.dom" 

Environment Variables:
JAVA_HOME=C:\Program Files\Java\jdk-17
PATH=C:\Program Files (x86)\NVIDIA Corporation\PhysX\Common;C:\Program Files\Common Files\Oracle\Java\javapath;C:\WINDOWS\system32;C:\WINDOWS;C:\WINDOWS\System32\Wbem;C:\WINDOWS\System32\WindowsPowerShell\v1.0\;C:\WINDOWS\System32\OpenSSH\;C:\Program Files\Git\cmd;C:\Program Files\nodejs\;C:\php8.5;C:\ProgramData\ComposerSetup\bin;C:\Users\vexer\.config\herd\bin\nvm;C:\Program Files\nodejs;%JAVA_PATH%\bin;C:\Program Files\Maven\bin\bin;;C:\Program Files\Docker\Docker\resources\bin;C:\Program Files\Go\bin;C:\Users\vexer\.cargo\bin;C:\Users\vexer\.config\herd\bin;C:\Users\vexer\AppData\Local\Programs\Python\Python313\Scripts\;C:\Users\vexer\AppData\Local\Programs\Python\Python313\;C:\Users\vexer\AppData\Local\Microsoft\WindowsApps;C:\Users\vexer\AppData\Local\Programs\Microsoft VS Code\bin;C:\Program Files\JetBrains\IntelliJ IDEA Community Edition 2024.3\bin;;C:\Flutter SDK\flutter\bin;C:\Users\vexer\AppData\Local\Programs\mongosh\;C:\Users\vexer\AppData\Roaming\npm;C:\Users\vexer\AppData\Roaming\Composer\vendor\bin;C:\Users\vexer\AppData\Local\Pandoc\;C:\Users\vexer\go\bin
USERNAME=vexer
OS=Windows_NT
PROCESSOR_IDENTIFIER=Intel64 Family 6 Model 140 Stepping 1, GenuineIntel
TMP=C:\Users\vexer\AppData\Local\Temp
TEMP=C:\Users\vexer\AppData\Local\Temp




Periodic native trim disabled

---------------  S Y S T E M  ---------------

OS:
 Windows 11 , 64 bit Build 26100 (10.0.26100.8737)
OS uptime: 0 days 11:33 hours
Hyper-V role detected

CPU: total 4 (initial active 4) (2 cores per cpu, 2 threads per core) family 6 model 140 stepping 1 microcode 0x78, cx8, cmov, fxsr, ht, mmx, 3dnowpref, sse, sse2, sse3, ssse3, sse4.1, sse4.2, popcnt, lzcnt, tsc, tscinvbit, avx, avx2, aes, erms, clmul, bmi1, bmi2, adx, avx512f, avx512dq, avx512cd, avx512bw, avx512vl, sha, fma, vzeroupper, avx512_vpopcntdq, avx512_vpclmulqdq, avx512_vaes, avx512_vnni, clflush, clflushopt, clwb, avx512_vbmi2, avx512_vbmi, hv, rdtscp, rdpid, fsrm, gfni, avx512_bitalg, f16c, cet_ibt, cet_ss, avx512_ifma
Processor Information for the first 4 processors :
  Max Mhz: 2995, Current Mhz: 2995, Mhz Limit: 2995

Memory: 4k page, system-wide physical 7935M (563M free)
TotalPageFile size 16127M (AvailPageFile size 1M)
current process WorkingSet (physical memory assigned to process): 143M, peak: 146M
current process commit charge ("private bytes"): 260M, peak: 269M

vm_info: OpenJDK 64-Bit Server VM (21.0.11+10-LTS) for windows-amd64 JRE (21.0.11+10-LTS), built on 2026-04-21T00:00:00Z by "admin" with MS VC++ 17.12 (VS2022)

END.
